2024-02-01 21:12:30,639 - INFO - Script started
2024-02-01 21:12:30,639 - INFO - Starting data import...
2024-02-01 21:12:30,640 - INFO - CSV file read successfully.
2024-02-01 21:12:30,640 - INFO - CSV file read successfully.
2024-02-01 21:12:30,640 - INFO - Importing Candidates Information from CSV file...
2024-02-01 21:12:30,640 - INFO - Processed row #1: {'Candidate Id': '1', 'First Name': 'John', 'Last Name': 'Doe', 'Email': 'john.doe@email.com', 'Phone': '123-456-7890', 'Position': 'Data Architect', 'Status': 'Pending', 'Address': '123 Main St', 'Address 2': '', 'City': 'Anytown', 'State': 'CA', 'Country': 'United States', 'Zip': '12345', 'Available Date': '2023-02-01', 'Website Url': 'https://www.johndoe.com', 'Linkedin Url': 'https://www.linkedin.com/in/johndoe', 'Twitter Username': '@johndoe', 'Education Level': "Bachelor's Degree", 'Education Institution Name': 'University of Tech', 'Gender': 'Male', 'Ethnicity': 'Caucasian', 'Disability': '', 'Veteran Status': '', 'Application Date': '2023-01-15 09:30:00', 'Desired Salary': '80000', 'Referred By': 'Employee referral', 'References': 'Available upon request', 'Source': 'RecruiterXYZ', 'Resume File Id': '1', 'Cover Letter File Id': '', 'Resume File': 'John_Doe_Resume.pdf', 'Cover Letter File': '', 'Offer Letter File': ''}
2024-02-01 21:12:30,642 - INFO - Processed row #2: {'Candidate Id': '2', 'First Name': 'Jane', 'Last Name': 'Smith', 'Email': 'jane.smith@email.com', 'Phone': '987-654-3210', 'Position': 'Data Architect', 'Status': 'Interview Scheduled', 'Address': '456 Oak St', 'Address 2': '', 'City': 'Someville', 'State': 'NY', 'Country': 'United States', 'Zip': '56789', 'Available Date': '2023-03-15', 'Website Url': 'https://www.janesmith.com', 'Linkedin Url': 'https://www.linkedin.com/in/janesmith', 'Twitter Username': '@janesmith', 'Education Level': "Master's Degree", 'Education Institution Name': 'Marketing Institute', 'Gender': 'Female', 'Ethnicity': 'Hispanic', 'Disability': '', 'Veteran Status': '', 'Application Date': '2023-02-10 11:45:00', 'Desired Salary': '60000', 'Referred By': 'Job board', 'References': 'Previous employer', 'Source': 'RecruiterABC', 'Resume File Id': '2', 'Cover Letter File Id': '3', 'Resume File': 'Jane_Smith_Resume.pdf', 'Cover Letter File': 'Jane_Smith_Cover_Letter.pdf', 'Offer Letter File': '', None: ['']}
2024-02-01 21:12:30,642 - INFO - Processed row #3: {'Candidate Id': '3', 'First Name': 'Michael', 'Last Name': 'Jones', 'Email': 'michael.jones@email.com', 'Phone': '555-123-4567', 'Position': 'Data Architect', 'Status': 'Offer Extended', 'Address': '789 Pine St', 'Address 2': '', 'City': 'Sometown', 'State': 'TX', 'Country': 'United States', 'Zip': '67890', 'Available Date': '2023-04-01', 'Website Url': 'https://www.michaeljones.com', 'Linkedin Url': 'https://www.linkedin.com/in/michaeljones', 'Twitter Username': '@michaeljones', 'Education Level': "Bachelor's Degree", 'Education Institution Name': 'Data University', 'Gender': 'Male', 'Ethnicity': 'African American', 'Disability': '', 'Veteran Status': '', 'Application Date': '2023-03-01 15:00:00', 'Desired Salary': '70000', 'Referred By': 'Employee referral', 'References': 'Available upon request', 'Source': 'CompanyXYZ', 'Resume File Id': '3', 'Cover Letter File Id': '', 'Resume File': 'Michael_Jones_Resume.pdf', 'Cover Letter File': '', 'Offer Letter File': ''}
2024-02-01 21:12:30,642 - INFO - Processed row #4: {'Candidate Id': '4', 'First Name': 'Sarah', 'Last Name': 'Clark', 'Email': 'sarah.clark@email.com', 'Phone': '111-222-3333', 'Position': 'Data Architect', 'Status': 'Rejected', 'Address': '', 'Address 2': '', 'City': 'Metroville', 'State': 'CA', 'Country': 'United States', 'Zip': '54321', 'Available Date': '', 'Website Url': '', 'Linkedin Url': 'https://www.linkedin.com/in/sarahclark', 'Twitter Username': '@sarahclark', 'Education Level': "Master's Degree", 'Education Institution Name': 'HR Institute', 'Gender': 'Female', 'Ethnicity': 'Caucasian', 'Disability': '', 'Veteran Status': '', 'Application Date': '2022-11-15 14:20:00', 'Desired Salary': '90000', 'Referred By': 'Job board', 'References': 'Previous colleague', 'Source': 'RecruiterDEF', 'Resume File Id': '4', 'Cover Letter File Id': '5', 'Resume File': 'Sarah_Clark_Resume.pdf', 'Cover Letter File': 'Sarah_Clark_Cover_Letter.pdf', 'Offer Letter File': '', None: ['']}
2024-02-01 21:12:30,642 - INFO - Processed row #5: {'Candidate Id': '5', 'First Name': 'Chris', 'Last Name': 'Nguyen', 'Email': 'chris.nguyen@email.com', 'Phone': '999-888-7777', 'Position': 'Data Architect', 'Status': 'Pending', 'Address': '987 Elm St', 'Address 2': '', 'City': 'Cityville', 'State': 'NY', 'Country': 'United States', 'Zip': '45678', 'Available Date': '2023-05-01', 'Website Url': 'https://www.chrisnguyen.com', 'Linkedin Url': 'https://www.linkedin.com/in/chrisnguyen', 'Twitter Username': '@chrisnguyen', 'Education Level': "Bachelor's Degree", 'Education Institution Name': 'Design College', 'Gender': 'Non-Binary', 'Ethnicity': 'Asian', 'Disability': '', 'Veteran Status': '', 'Application Date': '2022-12-20 10:00:00', 'Desired Salary': '75000', 'Referred By': 'Employee referral', 'References': 'Available upon request', 'Source': 'RecruiterGHI', 'Resume File Id': '5', 'Cover Letter File Id': '', 'Resume File': 'Chris_Nguyen_Resume.pdf', 'Cover Letter File': '', 'Offer Letter File': ''}
2024-02-01 21:12:30,642 - INFO - Processed row #6: {'Candidate Id': '6', 'First Name': 'Emily', 'Last Name': 'Kim', 'Email': 'emily.kim@email.com', 'Phone': '444-555-6666', 'Position': 'Data Architect', 'Status': 'Interview Scheduled', 'Address': '654 Birch St', 'Address 2': '', 'City': 'Townsville', 'State': 'TX', 'Country': 'United States', 'Zip': '34567', 'Available Date': '2023-06-15', 'Website Url': 'https://www.emilykim.com', 'Linkedin Url': 'https://www.linkedin.com/in/emilykim', 'Twitter Username': '@emilykim', 'Education Level': "Master's Degree", 'Education Institution Name': 'Business School', 'Gender': 'Female', 'Ethnicity': 'Asian', 'Disability': '', 'Veteran Status': '', 'Application Date': '2023-06-01 12:15:00', 'Desired Salary': '95000', 'Referred By': 'Job board', 'References': 'Previous colleague', 'Source': 'RecruiterJKL', 'Resume File Id': '6', 'Cover Letter File Id': '7', 'Resume File': 'Emily_Kim_Resume.pdf', 'Cover Letter File': 'Emily_Kim_Cover_Letter.pdf', 'Offer Letter File': '', None: ['']}
2024-02-01 21:12:30,642 - INFO - Processed row #7: {'Candidate Id': '7', 'First Name': 'Aaron', 'Last Name': 'Lee', 'Email': 'aaron.lee@email.com', 'Phone': '777-666-5555', 'Position': 'Data Architect', 'Status': 'Pending', 'Address': '789 Maple St', 'Address 2': '', 'City': 'Villagetown', 'State': 'CA', 'Country': 'United States', 'Zip': '23456', 'Available Date': '2023-07-01', 'Website Url': 'https://www.aaronlee.com', 'Linkedin Url': 'https://www.linkedin.com/in/aaronlee', 'Twitter Username': '@aaronlee', 'Education Level': "Bachelor's Degree", 'Education Institution Name': 'Computer Science Institute', 'Gender': 'Male', 'Ethnicity': 'Asian', 'Disability': '', 'Veteran Status': '', 'Application Date': '2023-01-10 09:45:00', 'Desired Salary': '85000', 'Referred By': 'Employee referral', 'References': 'Available upon request', 'Source': 'RecruiterMNO', 'Resume File Id': '7', 'Cover Letter File Id': '', 'Resume File': 'Aaron_Lee_Resume.pdf', 'Cover Letter File': '', 'Offer Letter File': ''}
2024-02-01 21:12:30,642 - INFO - Processed row #8: {'Candidate Id': '8', 'First Name': 'Olivia', 'Last Name': 'Evans', 'Email': 'olivia.evans@email.com', 'Phone': '222-333-4444', 'Position': 'Data Architect', 'Status': 'Offer Extended', 'Address': '', 'Address 2': '', 'City': 'Hometown', 'State': 'NY', 'Country': 'United States', 'Zip': '12345', 'Available Date': '2023-08-15', 'Website Url': 'https://www.oliviaevans.com', 'Linkedin Url': 'https://www.linkedin.com/in/oliviaevans', 'Twitter Username': '@oliviaevans', 'Education Level': "Bachelor's Degree", 'Education Institution Name': 'Finance University', 'Gender': 'Female', 'Ethnicity': 'Caucasian', 'Disability': '', 'Veteran Status': '', 'Application Date': '2023-08-01 14:30:00', 'Desired Salary': '80000', 'Referred By': 'Job board', 'References': 'Previous employer', 'Source': 'RecruiterPQR', 'Resume File Id': '8', 'Cover Letter File Id': '9', 'Resume File': 'Olivia_Evans_Resume.pdf', 'Cover Letter File': 'Olivia_Evans_Cover_Letter.pdf', 'Offer Letter File': '', None: ['']}
2024-02-01 21:12:30,643 - INFO - Processed row #9: {'Candidate Id': '9', 'First Name': 'James', 'Last Name': 'Miller', 'Email': 'james.miller@email.com', 'Phone': '888-999-0000', 'Position': 'Data Architect', 'Status': 'Rejected', 'Address': '', 'Address 2': '', 'City': 'Techcity', 'State': 'TX', 'Country': 'United States', 'Zip': '56789', 'Available Date': '', 'Website Url': '', 'Linkedin Url': 'https://www.linkedin.com/in/jamesmiller', 'Twitter Username': '@jamesmiller', 'Education Level': 'Associate Degree', 'Education Institution Name': 'Tech College', 'Gender': 'Male', 'Ethnicity': 'Caucasian', 'Disability': '', 'Veteran Status': '', 'Application Date': '2023-09-15 16:00:00', 'Desired Salary': '60000', 'Referred By': 'Employee referral', 'References': 'Available upon request', 'Source': 'RecruiterSTU', 'Resume File Id': '9', 'Cover Letter File Id': '', 'Resume File': 'James_Miller_Resume.pdf', 'Cover Letter File': '', 'Offer Letter File': ''}
2024-02-01 21:12:30,643 - INFO - Processed row #10: {'Candidate Id': '10', 'First Name': 'Lily', 'Last Name': 'Chen', 'Email': 'lily.chen@email.com', 'Phone': '333-444-5555', 'Position': 'Data Architect', 'Status': 'Pending', 'Address': '876 Pine St', 'Address 2': '', 'City': 'Artstown', 'State': 'CA', 'Country': 'United States', 'Zip': '45678', 'Available Date': '2023-10-01', 'Website Url': 'https://www.lilychen.com', 'Linkedin Url': 'https://www.linkedin.com/in/lilychen', 'Twitter Username': '@lilychen', 'Education Level': "Bachelor's Degree", 'Education Institution Name': 'Art Institute', 'Gender': 'Female', 'Ethnicity': 'Asian', 'Disability': '', 'Veteran Status': '', 'Application Date': '2022-11-20 11:00:00', 'Desired Salary': '70000', 'Referred By': 'Job board', 'References': 'Previous colleague', 'Source': 'RecruiterVWX', 'Resume File Id': '10', 'Cover Letter File Id': '11', 'Resume File': 'Lily_Chen_Resume.pdf', 'Cover Letter File': '', 'Offer Letter File': ''}
2024-02-01 21:12:30,643 - INFO - Processed row #11: {'Candidate Id': '11', 'First Name': 'David', 'Last Name': 'Johnson', 'Email': 'david.johnson@email.com', 'Phone': '123-234-5678', 'Position': 'Data Architect', 'Status': 'Pending', 'Address': '567 Oak St', 'Address 2': '', 'City': 'Techville', 'State': 'CA', 'Country': 'United States', 'Zip': '34567', 'Available Date': '2023-11-01', 'Website Url': 'https://www.davidjohnson.com', 'Linkedin Url': 'https://www.linkedin.com/in/davidjohnson', 'Twitter Username': '@davidjohnson', 'Education Level': "Master's Degree", 'Education Institution Name': 'Engineering College', 'Gender': 'Male', 'Ethnicity': 'Caucasian', 'Disability': '', 'Veteran Status': '', 'Application Date': '2022-11-15 13:30:00', 'Desired Salary': '90000', 'Referred By': 'Employee referral', 'References': 'Available upon request', 'Source': 'RecruiterYZA', 'Resume File Id': '11', 'Cover Letter File Id': '', 'Resume File': 'David_Johnson_Resume.pdf', 'Cover Letter File': '', 'Offer Letter File': ''}
2024-02-01 21:12:30,643 - INFO - Processed row #12: {'Candidate Id': '12', 'First Name': 'Amy', 'Last Name': 'Williams', 'Email': 'amy.williams@email.com', 'Phone': '555-666-7777', 'Position': 'Data Architect', 'Status': 'Interview Scheduled', 'Address': '987 Maple St', 'Address 2': '', 'City': 'Greetown', 'State': 'NY', 'Country': 'United States', 'Zip': '56789', 'Available Date': '2023-12-15', 'Website Url': 'https://www.amywilliams.com', 'Linkedin Url': 'https://www.linkedin.com/in/amywilliams', 'Twitter Username': '@amywilliams', 'Education Level': "Bachelor's Degree", 'Education Institution Name': 'Computer Science Institute', 'Gender': 'Female', 'Ethnicity': 'Caucasian', 'Disability': '', 'Veteran Status': '', 'Application Date': '2022-12-01 10:45:00', 'Desired Salary': '85000', 'Referred By': 'Job board', 'References': 'Previous employer', 'Source': 'RecruiterBCD', 'Resume File Id': '12', 'Cover Letter File Id': '13', 'Resume File': 'Amy_Williams_Resume.pdf', 'Cover Letter File': 'Amy_Williams_Cover_Letter.pdf', 'Offer Letter File': '', None: ['']}
2024-02-01 21:12:30,643 - INFO - Processed row #13: {'Candidate Id': '13', 'First Name': 'Robert', 'Last Name': 'Lee', 'Email': 'robert.lee@email.com', 'Phone': '333-222-1111', 'Position': 'Data Architect', 'Status': 'Rejected', 'Address': '', 'Address 2': '', 'City': 'Marketingtown', 'State': 'CA', 'Country': 'United States', 'Zip': '43210', 'Available Date': '', 'Website Url': '', 'Linkedin Url': 'https://www.linkedin.com/in/robertlee', 'Twitter Username': '@robertlee', 'Education Level': "Bachelor's Degree", 'Education Institution Name': 'Marketing Institute', 'Gender': 'Male', 'Ethnicity': 'Asian', 'Disability': '', 'Veteran Status': '', 'Application Date': '2022-12-20 09:30:00', 'Desired Salary': '75000', 'Referred By': 'Employee referral', 'References': 'Available upon request', 'Source': 'RecruiterEFG', 'Resume File Id': '13', 'Cover Letter File Id': '14', 'Resume File': 'Robert_Lee_Resume.pdf', 'Cover Letter File': 'Robert_Lee_Cover_Letter.pdf', 'Offer Letter File': '', None: ['']}
2024-02-01 21:12:30,643 - INFO - Processed row #14: {'Candidate Id': '14', 'First Name': 'Michelle', 'Last Name': 'Nguyen', 'Email': 'michelle.nguyen@email.com', 'Phone': '777-888-9999', 'Position': 'Data Architect', 'Status': 'Pending', 'Address': '876 Oak St', 'Address 2': '', 'City': 'Codecity', 'State': 'TX', 'Country': 'United States', 'Zip': '34567', 'Available Date': '2024-01-01', 'Website Url': 'https://www.michellenguyen.com', 'Linkedin Url': 'https://www.linkedin.com/in/michellenguyen', 'Twitter Username': '@michellenguyen', 'Education Level': "Master's Degree", 'Education Institution Name': 'Engineering College', 'Gender': 'Female', 'Ethnicity': 'Asian', 'Disability': '', 'Veteran Status': '', 'Application Date': '2023-01-10 14:00:00', 'Desired Salary': '90000', 'Referred By': 'Job board', 'References': 'Previous colleague', 'Source': 'RecruiterHIJ', 'Resume File Id': '14', 'Cover Letter File Id': '15', 'Resume File': 'Michelle_Nguyen_Resume.pdf', 'Cover Letter File': 'Michelle_Nguyen_Cover_Letter.pdf', 'Offer Letter File': '', None: ['']}
2024-02-01 21:12:30,643 - INFO - Processed row #15: {'Candidate Id': '15', 'First Name': 'Andrew', 'Last Name': 'Smith', 'Email': 'andrew.smith@email.com', 'Phone': '111-222-3333', 'Position': 'Data Architect', 'Status': 'Offer Extended', 'Address': '789 Birch St', 'Address 2': '', 'City': 'Datatown', 'State': 'NY', 'Country': 'United States', 'Zip': '12345', 'Available Date': '2024-01-15', 'Website Url': 'https://www.andrewsmith.com', 'Linkedin Url': 'https://www.linkedin.com/in/andrewsmith', 'Twitter Username': '@andrewsmith', 'Education Level': "Bachelor's Degree", 'Education Institution Name': 'Data University', 'Gender': 'Male', 'Ethnicity': 'Caucasian', 'Disability': '', 'Veteran Status': '', 'Application Date': '2024-04-01 15:45:00', 'Desired Salary': '70000', 'Referred By': 'Employee referral', 'References': 'Available upon request', 'Source': 'RecruiterKLM', 'Resume File Id': '15', 'Cover Letter File Id': '16', 'Resume File': 'Andrew_Smith_Resume.pdf', 'Cover Letter File': 'Andrew_Smith_Cover_Letter.pdf', 'Offer Letter File': '', None: ['']}
2024-02-01 21:12:30,644 - INFO - Processed row #16: {'Candidate Id': '16', 'First Name': 'Karen', 'Last Name': 'Johnson', 'Email': 'karen.johnson@email.com', 'Phone': '444-555-6666', 'Position': 'Data Architect', 'Status': 'Interview Scheduled', 'Address': '654 Elm St', 'Address 2': '', 'City': 'Marketville', 'State': 'CA', 'Country': 'United States', 'Zip': '45678', 'Available Date': '2024-01-01', 'Website Url': 'https://www.karenjohnson.com', 'Linkedin Url': 'https://www.linkedin.com/in/karenjohnson', 'Twitter Username': '@karenjohnson', 'Education Level': "Master's Degree", 'Education Institution Name': 'Marketing Institute', 'Gender': 'Female', 'Ethnicity': 'Caucasian', 'Disability': '', 'Veteran Status': '', 'Application Date': '2023-12-01 12:15:00', 'Desired Salary': '60000', 'Referred By': 'Job board', 'References': 'Previous employer', 'Source': 'RecruiterNOP', 'Resume File Id': '16', 'Cover Letter File Id': '17', 'Resume File': 'Karen_Johnson_Resume.pdf', 'Cover Letter File': 'Karen_Johnson_Cover_Letter.pdf', 'Offer Letter File': '', None: ['']}
2024-02-01 21:12:30,644 - INFO - Processed row #17: {'Candidate Id': '17', 'First Name': 'Justin', 'Last Name': 'Kim', 'Email': 'justin.kim@email.com', 'Phone': '999-888-7777', 'Position': 'Data Architect', 'Status': 'Pending', 'Address': '876 Pine St', 'Address 2': '', 'City': 'Techtown', 'State': 'TX', 'Country': 'United States', 'Zip': '23456', 'Available Date': '2024-01-15', 'Website Url': 'https://www.justinkim.com', 'Linkedin Url': 'https://www.linkedin.com/in/justinkim', 'Twitter Username': '@justinkim', 'Education Level': "Bachelor's Degree", 'Education Institution Name': 'Computer Science Institute', 'Gender': 'Male', 'Ethnicity': 'Asian', 'Disability': '', 'Veteran Status': '', 'Application Date': '2024-01-01 09:45:00', 'Desired Salary': '85000', 'Referred By': 'Employee referral', 'References': 'Available upon request', 'Source': 'RecruiterQRS', 'Resume File Id': '17', 'Cover Letter File Id': '', 'Resume File': 'Justin_Kim_Resume.pdf', 'Cover Letter File': '', 'Offer Letter File': ''}
2024-02-01 21:12:30,644 - INFO - Processed row #18: {'Candidate Id': '18', 'First Name': 'Grace', 'Last Name': 'Li', 'Email': 'grace.li@email.com', 'Phone': '222-333-4444', 'Position': 'Data Architect', 'Status': 'Rejected', 'Address': '', 'Address 2': '', 'City': 'Dataville', 'State': 'NY', 'Country': 'United States', 'Zip': '56789', 'Available Date': '2024-01-01', 'Website Url': 'https://www.graceli.com', 'Linkedin Url': 'https://www.linkedin.com/in/graceli', 'Twitter Username': '@graceli', 'Education Level': "Bachelor's Degree", 'Education Institution Name': 'Data University', 'Gender': 'Female', 'Ethnicity': 'Asian', 'Disability': '', 'Veteran Status': '', 'Application Date': '2023-05-15 16:00:00', 'Desired Salary': '60000', 'Referred By': 'Job board', 'References': 'Previous colleague', 'Source': 'RecruiterTUV', 'Resume File Id': '18', 'Cover Letter File Id': '', 'Resume File': 'Grace_Li_Resume.pdf', 'Cover Letter File': '', 'Offer Letter File': ''}
2024-02-01 21:12:30,644 - INFO - Processed row #19: {'Candidate Id': '19', 'First Name': 'Christopher', 'Last Name': 'Brown', 'Email': 'christopher.brown@email.com', 'Phone': '888-999-0000', 'Position': 'Data Architect', 'Status': 'Pending', 'Address': '', 'Address 2': '', 'City': 'Marketcity', 'State': 'CA', 'Country': 'United States', 'Zip': '12345', 'Available Date': '', 'Website Url': '', 'Linkedin Url': 'https://www.linkedin.com/in/christopherbrown', 'Twitter Username': '@christopherbrown', 'Education Level': "Master's Degree", 'Education Institution Name': 'Marketing Institute', 'Gender': 'Male', 'Ethnicity': 'African American', 'Disability': '', 'Veteran Status': '', 'Application Date': '2023-06-01 11:00:00', 'Desired Salary': '70000', 'Referred By': 'Employee referral', 'References': 'Available upon request', 'Source': 'RecruiterWXY', 'Resume File Id': '19', 'Cover Letter File Id': '20', 'Resume File': 'Christopher_Brown_Resume.pdf', 'Cover Letter File': 'Christopher_Brown_Cover_Letter.pdf', 'Offer Letter File': '', None: ['']}
2024-02-01 21:12:30,644 - INFO - Processed row #20: {'Candidate Id': '20', 'First Name': 'Isabella', 'Last Name': 'Wang', 'Email': 'isabella.wang@email.com', 'Phone': '333-444-5555', 'Position': 'Data Architect', 'Status': 'Offer Extended', 'Address': '876 Oak St', 'Address 2': '', 'City': 'Codeville', 'State': 'TX', 'Country': 'United States', 'Zip': '45678', 'Available Date': '2024-01-15', 'Website Url': 'https://www.isabellawang.com', 'Linkedin Url': 'https://www.linkedin.com/in/isabellawang', 'Twitter Username': '@isabellawang', 'Education Level': "Bachelor's Degree", 'Education Institution Name': 'Computer Science Institute', 'Gender': 'Female', 'Ethnicity': 'Asian', 'Disability': '', 'Veteran Status': '', 'Application Date': '2024-01-01 14:30:00', 'Desired Salary': '90000', 'Referred By': 'Job board', 'References': 'Previous employer', 'Source': 'RecruiterZAB', 'Resume File Id': '20', 'Cover Letter File Id': '21', 'Resume File': 'Isabella_Wang_Resume.pdf', 'Cover Letter File': 'Isabella_Wang_Cover_Letter.pdf', 'Offer Letter File': '', None: ['']}
2024-02-01 21:12:30,644 - INFO - Processed row #21: {'Candidate Id': '21', 'First Name': 'Justin', 'Last Name': 'Johnson', 'Email': 'justin.kim@email.com', 'Phone': '555-666-7777', 'Position': 'Data Architect', 'Status': 'Pending', 'Address': '987 Pine St', 'Address 2': '', 'City': 'Dataville', 'State': 'CA', 'Country': 'United States', 'Zip': '23456', 'Available Date': '2024-01-01', 'Website Url': 'https://www.marcusjohnson.com', 'Linkedin Url': 'https://www.linkedin.com/in/marcusjohnson', 'Twitter Username': '@marcusjohnson', 'Education Level': "Master's Degree", 'Education Institution Name': 'Engineering College', 'Gender': 'Male', 'Ethnicity': 'African American', 'Disability': '', 'Veteran Status': '', 'Application Date': '2024-01-10 09:45:00', 'Desired Salary': '80000', 'Referred By': 'Employee referral', 'References': 'Available upon request', 'Source': 'RecruiterBCD', 'Resume File Id': '21', 'Cover Letter File Id': '', 'Resume File': 'Marcus_Johnson_Resume.pdf', 'Cover Letter File': '', 'Offer Letter File': ''}
2024-02-01 21:12:30,644 - INFO - Processed row #22: {'Candidate Id': '22', 'First Name': 'Sophia', 'Last Name': 'Lee', 'Email': 'sophia.lee@email.com', 'Phone': '222-333-4444', 'Position': 'Data Architect', 'Status': 'Rejected', 'Address': '', 'Address 2': '', 'City': 'Marketcity', 'State': 'CA', 'Country': 'United States', 'Zip': '12345', 'Available Date': '', 'Website Url': '', 'Linkedin Url': 'https://www.linkedin.com/in/sophialee', 'Twitter Username': '@sophialee', 'Education Level': "Bachelor's Degree", 'Education Institution Name': 'Marketing Institute', 'Gender': 'Female', 'Ethnicity': 'Asian', 'Disability': '', 'Veteran Status': '', 'Application Date': '2024-01-15 14:00:00', 'Desired Salary': '75000', 'Referred By': 'Job board', 'References': 'Previous colleague', 'Source': 'RecruiterEFG', 'Resume File Id': '22', 'Cover Letter File Id': '23', 'Resume File': 'Sophia_Lee_Resume.pdf', 'Cover Letter File': 'Sophia_Lee_Cover_Letter.pdf', 'Offer Letter File': '', None: ['']}
2024-02-01 21:12:30,645 - INFO - Data import completed.
2024-02-01 21:12:31,519 - INFO - Creating job objects from given data
2024-02-01 21:12:31,519 - INFO - {'title': 'Data Architect', 'shortcode': 'F8D1EA3849'}
2024-02-01 21:12:31,519 - INFO - {'title': 'Senior Data Architect', 'shortcode': '12B9E154AC'}
2024-02-01 21:12:31,519 - INFO - {'title': 'Data Analyst', 'shortcode': 'E0DFE0E0D6'}
2024-02-01 21:12:31,520 - INFO - {'title': 'Product Manager', 'shortcode': 'A2665726F4'}
2024-02-01 21:12:31,520 - INFO - Creating candidate objects from given data
2024-02-01 21:12:31,520 - INFO - Candidate: John Doe
2024-02-01 21:12:31,520 - INFO - Candidate: Jane Smith
2024-02-01 21:12:31,521 - INFO - Candidate: Michael Jones
2024-02-01 21:12:31,521 - INFO - Candidate: Sarah Clark
2024-02-01 21:12:31,521 - INFO - Candidate: Chris Nguyen
2024-02-01 21:12:31,521 - INFO - Candidate: Emily Kim
2024-02-01 21:12:31,521 - INFO - Candidate: Aaron Lee
2024-02-01 21:12:31,521 - INFO - Candidate: Olivia Evans
2024-02-01 21:12:31,521 - INFO - Candidate: James Miller
2024-02-01 21:12:31,521 - INFO - Candidate: Lily Chen
2024-02-01 21:12:31,521 - INFO - Candidate: David Johnson
2024-02-01 21:12:31,521 - INFO - Candidate: Amy Williams
2024-02-01 21:12:31,521 - INFO - Candidate: Robert Lee
2024-02-01 21:12:31,521 - INFO - Candidate: Michelle Nguyen
2024-02-01 21:12:31,522 - INFO - Candidate: Andrew Smith
2024-02-01 21:12:31,522 - INFO - Candidate: Karen Johnson
2024-02-01 21:12:31,522 - INFO - Candidate: Justin Kim
2024-02-01 21:12:31,522 - INFO - Candidate: Grace Li
2024-02-01 21:12:31,522 - INFO - Candidate: Christopher Brown
2024-02-01 21:12:31,522 - INFO - Candidate: Isabella Wang
2024-02-01 21:12:31,522 - INFO - Candidate: Justin Johnson
2024-02-01 21:12:31,522 - INFO - Candidate: Sophia Lee
2024-02-01 21:12:33,369 - INFO - {
    "status": "created",
    "candidate": {
        "id": "1344c5ba",
        "name": "John Doe",
        "firstname": null,
        "lastname": null,
        "headline": null,
        "image_url": null,
        "account": {
            "subdomain": "assignmentcorporate",
            "name": "AssignmentCorporate"
        },
        "job": {
            "shortcode": "F8D1EA3849",
            "title": "Data Architect"
        },
        "stage": "Applied",
        "disqualified": false,
        "disqualified_at": null,
        "disqualification_reason": null,
        "hired_at": null,
        "sourced": false,
        "profile_url": "https://assignmentcorporate.workable.com/backend/jobs/3723929/candidates/323272936",
        "address": "123 Main St, Anytown, CA, United States, 12345",
        "phone": "123-456-7890",
        "email": "jdo_john.doe@email705.com",
        "outbound_mailbox": "4e40ho6hpv6w@outbound.workablemail.com",
        "domain": "Employee referral",
        "uploader_id": null,
        "created_at": "2024-02-01T19:12:34Z",
        "updated_at": "2024-02-01T19:12:34Z",
        "cover_letter": null,
        "summary": null,
        "education_entries": [],
        "experience_entries": [],
        "skills": [],
        "answers": [],
        "resume_url": null,
        "tags": [],
        "location": {
            "location_str": null,
            "country": null,
            "country_code": null,
            "region": null,
            "region_code": null,
            "city": null,
            "zip_code": null
        },
        "originating_candidate_id": null
    }
}
2024-02-01 21:12:33,371 - INFO - Candidate ID: 1344c5ba
2024-02-01 21:12:33,371 - INFO - Candidate Name: John Doe
2024-02-01 21:12:33,371 - INFO - Candidate John Doe imported successfully!
2024-02-01 21:12:33,371 - INFO - Response: <bound method CandidateResponseDTO.to_json of <dto.candidate_response_dto.CandidateResponseDTO object at 0x000001FB58578580>>
2024-02-01 21:12:34,684 - INFO - {
    "status": "created",
    "candidate": {
        "id": "1344c5c3",
        "name": "Jane Smith",
        "firstname": null,
        "lastname": null,
        "headline": null,
        "image_url": null,
        "account": {
            "subdomain": "assignmentcorporate",
            "name": "AssignmentCorporate"
        },
        "job": {
            "shortcode": "F8D1EA3849",
            "title": "Data Architect"
        },
        "stage": "Applied",
        "disqualified": false,
        "disqualified_at": null,
        "disqualification_reason": null,
        "hired_at": null,
        "sourced": false,
        "profile_url": "https://assignmentcorporate.workable.com/backend/jobs/3723929/candidates/323272945",
        "address": "456 Oak St, Someville, NY, United States, 56789",
        "phone": "987-654-3210",
        "email": "jsm_jane.smith@email705.com",
        "outbound_mailbox": "4e40bd236ykd@outbound.workablemail.com",
        "domain": "Job board",
        "uploader_id": null,
        "created_at": "2024-02-01T19:12:35Z",
        "updated_at": "2024-02-01T19:12:36Z",
        "cover_letter": null,
        "summary": null,
        "education_entries": [],
        "experience_entries": [],
        "skills": [],
        "answers": [],
        "resume_url": null,
        "tags": [],
        "location": {
            "location_str": null,
            "country": null,
            "country_code": null,
            "region": null,
            "region_code": null,
            "city": null,
            "zip_code": null
        },
        "originating_candidate_id": null
    }
}
2024-02-01 21:12:34,686 - INFO - Candidate ID: 1344c5c3
2024-02-01 21:12:34,686 - INFO - Candidate Name: Jane Smith
2024-02-01 21:12:34,686 - INFO - Candidate Jane Smith imported successfully!
2024-02-01 21:12:34,686 - INFO - Response: <bound method CandidateResponseDTO.to_json of <dto.candidate_response_dto.CandidateResponseDTO object at 0x000001FB585785E0>>
2024-02-01 21:12:35,621 - INFO - {
    "status": "created",
    "candidate": {
        "id": "1344c5cd",
        "name": "Michael Jones",
        "firstname": null,
        "lastname": null,
        "headline": null,
        "image_url": null,
        "account": {
            "subdomain": "assignmentcorporate",
            "name": "AssignmentCorporate"
        },
        "job": {
            "shortcode": "F8D1EA3849",
            "title": "Data Architect"
        },
        "stage": "Applied",
        "disqualified": false,
        "disqualified_at": null,
        "disqualification_reason": null,
        "hired_at": null,
        "sourced": false,
        "profile_url": "https://assignmentcorporate.workable.com/backend/jobs/3723929/candidates/323272955",
        "address": "789 Pine St, Sometown, TX, United States, 67890",
        "phone": "555-123-4567",
        "email": "mjo_michael.jones@email705.com",
        "outbound_mailbox": "4e40-k1ztrtp@outbound.workablemail.com",
        "domain": "Employee referral",
        "uploader_id": null,
        "created_at": "2024-02-01T19:12:36Z",
        "updated_at": "2024-02-01T19:12:36Z",
        "cover_letter": null,
        "summary": null,
        "education_entries": [],
        "experience_entries": [],
        "skills": [],
        "answers": [],
        "resume_url": null,
        "tags": [],
        "location": {
            "location_str": null,
            "country": null,
            "country_code": null,
            "region": null,
            "region_code": null,
            "city": null,
            "zip_code": null
        },
        "originating_candidate_id": null
    }
}
2024-02-01 21:12:35,623 - INFO - Candidate ID: 1344c5cd
2024-02-01 21:12:35,623 - INFO - Candidate Name: Michael Jones
2024-02-01 21:12:35,623 - INFO - Candidate Michael Jones imported successfully!
2024-02-01 21:12:35,623 - INFO - Response: <bound method CandidateResponseDTO.to_json of <dto.candidate_response_dto.CandidateResponseDTO object at 0x000001FB58578EE0>>
2024-02-01 21:12:36,485 - INFO - {
    "status": "created",
    "candidate": {
        "id": "1344c5d1",
        "name": "Sarah Clark",
        "firstname": null,
        "lastname": null,
        "headline": null,
        "image_url": null,
        "account": {
            "subdomain": "assignmentcorporate",
            "name": "AssignmentCorporate"
        },
        "job": {
            "shortcode": "F8D1EA3849",
            "title": "Data Architect"
        },
        "stage": "Applied",
        "disqualified": true,
        "disqualified_at": "2024-02-01T19:12:37.777Z",
        "disqualification_reason": null,
        "hired_at": null,
        "sourced": false,
        "profile_url": "https://assignmentcorporate.workable.com/backend/jobs/3723929/candidates/323272959",
        "address": "Metroville, CA, United States, 54321",
        "phone": "111-222-3333",
        "email": "scl_sarah.clark@email705.com",
        "outbound_mailbox": "4e40mcrqcxgk@outbound.workablemail.com",
        "domain": "Job board",
        "uploader_id": null,
        "created_at": "2024-02-01T19:12:37Z",
        "updated_at": "2024-02-01T19:12:37Z",
        "cover_letter": null,
        "summary": null,
        "education_entries": [],
        "experience_entries": [],
        "skills": [],
        "answers": [],
        "resume_url": null,
        "tags": [],
        "location": {
            "location_str": null,
            "country": null,
            "country_code": null,
            "region": null,
            "region_code": null,
            "city": null,
            "zip_code": null
        },
        "originating_candidate_id": null
    }
}
2024-02-01 21:12:36,487 - INFO - Candidate ID: 1344c5d1
2024-02-01 21:12:36,487 - INFO - Candidate Name: Sarah Clark
2024-02-01 21:12:36,487 - INFO - Candidate Sarah Clark imported successfully!
2024-02-01 21:12:36,487 - INFO - Response: <bound method CandidateResponseDTO.to_json of <dto.candidate_response_dto.CandidateResponseDTO object at 0x000001FB585797E0>>
2024-02-01 21:12:37,606 - INFO - {
    "status": "created",
    "candidate": {
        "id": "1344c5d7",
        "name": "Chris Nguyen",
        "firstname": null,
        "lastname": null,
        "headline": null,
        "image_url": null,
        "account": {
            "subdomain": "assignmentcorporate",
            "name": "AssignmentCorporate"
        },
        "job": {
            "shortcode": "F8D1EA3849",
            "title": "Data Architect"
        },
        "stage": "Applied",
        "disqualified": false,
        "disqualified_at": null,
        "disqualification_reason": null,
        "hired_at": null,
        "sourced": false,
        "profile_url": "https://assignmentcorporate.workable.com/backend/jobs/3723929/candidates/323272965",
        "address": "987 Elm St, Cityville, NY, United States, 45678",
        "phone": "999-888-7777",
        "email": "cng_chris.nguyen@email705.com",
        "outbound_mailbox": "4e400pcreztk@outbound.workablemail.com",
        "domain": "Employee referral",
        "uploader_id": null,
        "created_at": "2024-02-01T19:12:38Z",
        "updated_at": "2024-02-01T19:12:38Z",
        "cover_letter": null,
        "summary": null,
        "education_entries": [],
        "experience_entries": [],
        "skills": [],
        "answers": [],
        "resume_url": null,
        "tags": [],
        "location": {
            "location_str": null,
            "country": null,
            "country_code": null,
            "region": null,
            "region_code": null,
            "city": null,
            "zip_code": null
        },
        "originating_candidate_id": null
    }
}
2024-02-01 21:12:37,608 - INFO - Candidate ID: 1344c5d7
2024-02-01 21:12:37,608 - INFO - Candidate Name: Chris Nguyen
2024-02-01 21:12:37,608 - INFO - Candidate Chris Nguyen imported successfully!
2024-02-01 21:12:37,608 - INFO - Response: <bound method CandidateResponseDTO.to_json of <dto.candidate_response_dto.CandidateResponseDTO object at 0x000001FB5857A0B0>>
2024-02-01 21:12:38,587 - INFO - {
    "status": "created",
    "candidate": {
        "id": "1344c5e0",
        "name": "Emily Kim",
        "firstname": null,
        "lastname": null,
        "headline": null,
        "image_url": null,
        "account": {
            "subdomain": "assignmentcorporate",
            "name": "AssignmentCorporate"
        },
        "job": {
            "shortcode": "F8D1EA3849",
            "title": "Data Architect"
        },
        "stage": "Applied",
        "disqualified": false,
        "disqualified_at": null,
        "disqualification_reason": null,
        "hired_at": null,
        "sourced": false,
        "profile_url": "https://assignmentcorporate.workable.com/backend/jobs/3723929/candidates/323272974",
        "address": "654 Birch St, Townsville, TX, United States, 34567",
        "phone": "444-555-6666",
        "email": "eki_emily.kim@email705.com",
        "outbound_mailbox": "4e40eia9yxwf@outbound.workablemail.com",
        "domain": "Job board",
        "uploader_id": null,
        "created_at": "2024-02-01T19:12:39Z",
        "updated_at": "2024-02-01T19:12:39Z",
        "cover_letter": null,
        "summary": null,
        "education_entries": [],
        "experience_entries": [],
        "skills": [],
        "answers": [],
        "resume_url": null,
        "tags": [],
        "location": {
            "location_str": null,
            "country": null,
            "country_code": null,
            "region": null,
            "region_code": null,
            "city": null,
            "zip_code": null
        },
        "originating_candidate_id": null
    }
}
2024-02-01 21:12:38,589 - INFO - Candidate ID: 1344c5e0
2024-02-01 21:12:38,589 - INFO - Candidate Name: Emily Kim
2024-02-01 21:12:38,590 - INFO - Candidate Emily Kim imported successfully!
2024-02-01 21:12:38,590 - INFO - Response: <bound method CandidateResponseDTO.to_json of <dto.candidate_response_dto.CandidateResponseDTO object at 0x000001FB5857A980>>
2024-02-01 21:12:39,573 - INFO - {
    "status": "created",
    "candidate": {
        "id": "1344c5e7",
        "name": "Aaron Lee",
        "firstname": null,
        "lastname": null,
        "headline": null,
        "image_url": null,
        "account": {
            "subdomain": "assignmentcorporate",
            "name": "AssignmentCorporate"
        },
        "job": {
            "shortcode": "F8D1EA3849",
            "title": "Data Architect"
        },
        "stage": "Applied",
        "disqualified": false,
        "disqualified_at": null,
        "disqualification_reason": null,
        "hired_at": null,
        "sourced": false,
        "profile_url": "https://assignmentcorporate.workable.com/backend/jobs/3723929/candidates/323272981",
        "address": "789 Maple St, Villagetown, CA, United States, 23456",
        "phone": "777-666-5555",
        "email": "ale_aaron.lee@email705.com",
        "outbound_mailbox": "4e40ozksj1lb@outbound.workablemail.com",
        "domain": "Employee referral",
        "uploader_id": null,
        "created_at": "2024-02-01T19:12:40Z",
        "updated_at": "2024-02-01T19:12:40Z",
        "cover_letter": null,
        "summary": null,
        "education_entries": [],
        "experience_entries": [],
        "skills": [],
        "answers": [],
        "resume_url": null,
        "tags": [],
        "location": {
            "location_str": null,
            "country": null,
            "country_code": null,
            "region": null,
            "region_code": null,
            "city": null,
            "zip_code": null
        },
        "originating_candidate_id": null
    }
}
2024-02-01 21:12:39,587 - INFO - Candidate ID: 1344c5e7
2024-02-01 21:12:39,588 - INFO - Candidate Name: Aaron Lee
2024-02-01 21:12:39,588 - INFO - Candidate Aaron Lee imported successfully!
2024-02-01 21:12:39,588 - INFO - Response: <bound method CandidateResponseDTO.to_json of <dto.candidate_response_dto.CandidateResponseDTO object at 0x000001FB5857B250>>
2024-02-01 21:12:41,421 - INFO - {
    "status": "created",
    "candidate": {
        "id": "1344c5f6",
        "name": "Olivia Evans",
        "firstname": null,
        "lastname": null,
        "headline": null,
        "image_url": null,
        "account": {
            "subdomain": "assignmentcorporate",
            "name": "AssignmentCorporate"
        },
        "job": {
            "shortcode": "F8D1EA3849",
            "title": "Data Architect"
        },
        "stage": "Applied",
        "disqualified": false,
        "disqualified_at": null,
        "disqualification_reason": null,
        "hired_at": null,
        "sourced": false,
        "profile_url": "https://assignmentcorporate.workable.com/backend/jobs/3723929/candidates/323272996",
        "address": "Hometown, NY, United States, 12345",
        "phone": "222-333-4444",
        "email": "oev_olivia.evans@email705.com",
        "outbound_mailbox": "4e40de4kukwi@outbound.workablemail.com",
        "domain": "Job board",
        "uploader_id": null,
        "created_at": "2024-02-01T19:12:42Z",
        "updated_at": "2024-02-01T19:12:42Z",
        "cover_letter": null,
        "summary": null,
        "education_entries": [],
        "experience_entries": [],
        "skills": [],
        "answers": [],
        "resume_url": null,
        "tags": [],
        "location": {
            "location_str": null,
            "country": null,
            "country_code": null,
            "region": null,
            "region_code": null,
            "city": null,
            "zip_code": null
        },
        "originating_candidate_id": null
    }
}
2024-02-01 21:12:41,424 - INFO - Candidate ID: 1344c5f6
2024-02-01 21:12:41,424 - INFO - Candidate Name: Olivia Evans
2024-02-01 21:12:41,424 - INFO - Candidate Olivia Evans imported successfully!
2024-02-01 21:12:41,425 - INFO - Response: <bound method CandidateResponseDTO.to_json of <dto.candidate_response_dto.CandidateResponseDTO object at 0x000001FB5857BB20>>
2024-02-01 21:12:42,583 - INFO - {
    "status": "created",
    "candidate": {
        "id": "1344c5fe",
        "name": "James Miller",
        "firstname": null,
        "lastname": null,
        "headline": null,
        "image_url": null,
        "account": {
            "subdomain": "assignmentcorporate",
            "name": "AssignmentCorporate"
        },
        "job": {
            "shortcode": "F8D1EA3849",
            "title": "Data Architect"
        },
        "stage": "Applied",
        "disqualified": true,
        "disqualified_at": "2024-02-01T19:12:43.763Z",
        "disqualification_reason": null,
        "hired_at": null,
        "sourced": false,
        "profile_url": "https://assignmentcorporate.workable.com/backend/jobs/3723929/candidates/323273004",
        "address": "Techcity, TX, United States, 56789",
        "phone": "888-999-0000",
        "email": "jmi_james.miller@email705.com",
        "outbound_mailbox": "4e40adgjxbi6@outbound.workablemail.com",
        "domain": "Employee referral",
        "uploader_id": null,
        "created_at": "2024-02-01T19:12:43Z",
        "updated_at": "2024-02-01T19:12:43Z",
        "cover_letter": null,
        "summary": null,
        "education_entries": [],
        "experience_entries": [],
        "skills": [],
        "answers": [],
        "resume_url": null,
        "tags": [],
        "location": {
            "location_str": null,
            "country": null,
            "country_code": null,
            "region": null,
            "region_code": null,
            "city": null,
            "zip_code": null
        },
        "originating_candidate_id": null
    }
}
2024-02-01 21:12:42,589 - INFO - Candidate ID: 1344c5fe
2024-02-01 21:12:42,589 - INFO - Candidate Name: James Miller
2024-02-01 21:12:42,590 - INFO - Candidate James Miller imported successfully!
2024-02-01 21:12:42,591 - INFO - Response: <bound method CandidateResponseDTO.to_json of <dto.candidate_response_dto.CandidateResponseDTO object at 0x000001FB5857B4F0>>
2024-02-01 21:12:43,572 - INFO - {
    "status": "created",
    "candidate": {
        "id": "1344c605",
        "name": "Lily Chen",
        "firstname": null,
        "lastname": null,
        "headline": null,
        "image_url": null,
        "account": {
            "subdomain": "assignmentcorporate",
            "name": "AssignmentCorporate"
        },
        "job": {
            "shortcode": "F8D1EA3849",
            "title": "Data Architect"
        },
        "stage": "Applied",
        "disqualified": false,
        "disqualified_at": null,
        "disqualification_reason": null,
        "hired_at": null,
        "sourced": false,
        "profile_url": "https://assignmentcorporate.workable.com/backend/jobs/3723929/candidates/323273011",
        "address": "876 Pine St, Artstown, CA, United States, 45678",
        "phone": "333-444-5555",
        "email": "lch_lily.chen@email705.com",
        "outbound_mailbox": "4e40owlxk654@outbound.workablemail.com",
        "domain": "Job board",
        "uploader_id": null,
        "created_at": "2024-02-01T19:12:44Z",
        "updated_at": "2024-02-01T19:12:44Z",
        "cover_letter": null,
        "summary": null,
        "education_entries": [],
        "experience_entries": [],
        "skills": [],
        "answers": [],
        "resume_url": null,
        "tags": [],
        "location": {
            "location_str": null,
            "country": null,
            "country_code": null,
            "region": null,
            "region_code": null,
            "city": null,
            "zip_code": null
        },
        "originating_candidate_id": null
    }
}
2024-02-01 21:12:43,575 - INFO - Candidate ID: 1344c605
2024-02-01 21:12:43,575 - INFO - Candidate Name: Lily Chen
2024-02-01 21:12:43,575 - INFO - Candidate Lily Chen imported successfully!
2024-02-01 21:12:43,576 - INFO - Response: <bound method CandidateResponseDTO.to_json of <dto.candidate_response_dto.CandidateResponseDTO object at 0x000001FB5857AE60>>
2024-02-01 21:12:44,777 - INFO - {
    "status": "created",
    "candidate": {
        "id": "1344c60b",
        "name": "David Johnson",
        "firstname": null,
        "lastname": null,
        "headline": null,
        "image_url": null,
        "account": {
            "subdomain": "assignmentcorporate",
            "name": "AssignmentCorporate"
        },
        "job": {
            "shortcode": "F8D1EA3849",
            "title": "Data Architect"
        },
        "stage": "Applied",
        "disqualified": false,
        "disqualified_at": null,
        "disqualification_reason": null,
        "hired_at": null,
        "sourced": false,
        "profile_url": "https://assignmentcorporate.workable.com/backend/jobs/3723929/candidates/323273017",
        "address": "567 Oak St, Techville, CA, United States, 34567",
        "phone": "123-234-5678",
        "email": "djo_david.johnson@email705.com",
        "outbound_mailbox": "4e40ewexndhm@outbound.workablemail.com",
        "domain": "Employee referral",
        "uploader_id": null,
        "created_at": "2024-02-01T19:12:45Z",
        "updated_at": "2024-02-01T19:12:46Z",
        "cover_letter": null,
        "summary": null,
        "education_entries": [],
        "experience_entries": [],
        "skills": [],
        "answers": [],
        "resume_url": null,
        "tags": [],
        "location": {
            "location_str": null,
            "country": null,
            "country_code": null,
            "region": null,
            "region_code": null,
            "city": null,
            "zip_code": null
        },
        "originating_candidate_id": null
    }
}
2024-02-01 21:12:44,779 - INFO - Candidate ID: 1344c60b
2024-02-01 21:12:44,780 - INFO - Candidate Name: David Johnson
2024-02-01 21:12:44,780 - INFO - Candidate David Johnson imported successfully!
2024-02-01 21:12:44,780 - INFO - Response: <bound method CandidateResponseDTO.to_json of <dto.candidate_response_dto.CandidateResponseDTO object at 0x000001FB5857A290>>
2024-02-01 21:12:45,955 - INFO - {
    "status": "created",
    "candidate": {
        "id": "1344c614",
        "name": "Amy Williams",
        "firstname": null,
        "lastname": null,
        "headline": null,
        "image_url": null,
        "account": {
            "subdomain": "assignmentcorporate",
            "name": "AssignmentCorporate"
        },
        "job": {
            "shortcode": "F8D1EA3849",
            "title": "Data Architect"
        },
        "stage": "Applied",
        "disqualified": false,
        "disqualified_at": null,
        "disqualification_reason": null,
        "hired_at": null,
        "sourced": false,
        "profile_url": "https://assignmentcorporate.workable.com/backend/jobs/3723929/candidates/323273026",
        "address": "987 Maple St, Greetown, NY, United States, 56789",
        "phone": "555-666-7777",
        "email": "awi_amy.williams@email705.com",
        "outbound_mailbox": "4e407fnzoc0r@outbound.workablemail.com",
        "domain": "Job board",
        "uploader_id": null,
        "created_at": "2024-02-01T19:12:47Z",
        "updated_at": "2024-02-01T19:12:47Z",
        "cover_letter": null,
        "summary": null,
        "education_entries": [],
        "experience_entries": [],
        "skills": [],
        "answers": [],
        "resume_url": null,
        "tags": [],
        "location": {
            "location_str": null,
            "country": null,
            "country_code": null,
            "region": null,
            "region_code": null,
            "city": null,
            "zip_code": null
        },
        "originating_candidate_id": null
    }
}
2024-02-01 21:12:45,958 - INFO - Candidate ID: 1344c614
2024-02-01 21:12:45,958 - INFO - Candidate Name: Amy Williams
2024-02-01 21:12:45,958 - INFO - Candidate Amy Williams imported successfully!
2024-02-01 21:12:45,958 - INFO - Response: <bound method CandidateResponseDTO.to_json of <dto.candidate_response_dto.CandidateResponseDTO object at 0x000001FB58579300>>
2024-02-01 21:12:47,119 - INFO - {
    "status": "created",
    "candidate": {
        "id": "1344c61c",
        "name": "Robert Lee",
        "firstname": null,
        "lastname": null,
        "headline": null,
        "image_url": null,
        "account": {
            "subdomain": "assignmentcorporate",
            "name": "AssignmentCorporate"
        },
        "job": {
            "shortcode": "F8D1EA3849",
            "title": "Data Architect"
        },
        "stage": "Applied",
        "disqualified": true,
        "disqualified_at": "2024-02-01T19:12:48.304Z",
        "disqualification_reason": null,
        "hired_at": null,
        "sourced": false,
        "profile_url": "https://assignmentcorporate.workable.com/backend/jobs/3723929/candidates/323273034",
        "address": "Marketingtown, CA, United States, 43210",
        "phone": "333-222-1111",
        "email": "rle_robert.lee@email705.com",
        "outbound_mailbox": "4e40j0zz4qwa@outbound.workablemail.com",
        "domain": "Employee referral",
        "uploader_id": null,
        "created_at": "2024-02-01T19:12:48Z",
        "updated_at": "2024-02-01T19:12:48Z",
        "cover_letter": null,
        "summary": null,
        "education_entries": [],
        "experience_entries": [],
        "skills": [],
        "answers": [],
        "resume_url": null,
        "tags": [],
        "location": {
            "location_str": null,
            "country": null,
            "country_code": null,
            "region": null,
            "region_code": null,
            "city": null,
            "zip_code": null
        },
        "originating_candidate_id": null
    }
}
2024-02-01 21:12:47,122 - INFO - Candidate ID: 1344c61c
2024-02-01 21:12:47,122 - INFO - Candidate Name: Robert Lee
2024-02-01 21:12:47,122 - INFO - Candidate Robert Lee imported successfully!
2024-02-01 21:12:47,122 - INFO - Response: <bound method CandidateResponseDTO.to_json of <dto.candidate_response_dto.CandidateResponseDTO object at 0x000001FB58578F70>>
2024-02-01 21:12:48,137 - INFO - {
    "status": "created",
    "candidate": {
        "id": "1344c625",
        "name": "Michelle Nguyen",
        "firstname": null,
        "lastname": null,
        "headline": null,
        "image_url": null,
        "account": {
            "subdomain": "assignmentcorporate",
            "name": "AssignmentCorporate"
        },
        "job": {
            "shortcode": "F8D1EA3849",
            "title": "Data Architect"
        },
        "stage": "Applied",
        "disqualified": false,
        "disqualified_at": null,
        "disqualification_reason": null,
        "hired_at": null,
        "sourced": false,
        "profile_url": "https://assignmentcorporate.workable.com/backend/jobs/3723929/candidates/323273043",
        "address": "876 Oak St, Codecity, TX, United States, 34567",
        "phone": "777-888-9999",
        "email": "mng_michelle.nguyen@email705.com",
        "outbound_mailbox": "4e404jzeo08b@outbound.workablemail.com",
        "domain": "Job board",
        "uploader_id": null,
        "created_at": "2024-02-01T19:12:49Z",
        "updated_at": "2024-02-01T19:12:49Z",
        "cover_letter": null,
        "summary": null,
        "education_entries": [],
        "experience_entries": [],
        "skills": [],
        "answers": [],
        "resume_url": null,
        "tags": [],
        "location": {
            "location_str": null,
            "country": null,
            "country_code": null,
            "region": null,
            "region_code": null,
            "city": null,
            "zip_code": null
        },
        "originating_candidate_id": null
    }
}
2024-02-01 21:12:48,139 - INFO - Candidate ID: 1344c625
2024-02-01 21:12:48,140 - INFO - Candidate Name: Michelle Nguyen
2024-02-01 21:12:48,140 - INFO - Candidate Michelle Nguyen imported successfully!
2024-02-01 21:12:48,140 - INFO - Response: <bound method CandidateResponseDTO.to_json of <dto.candidate_response_dto.CandidateResponseDTO object at 0x000001FB585786D0>>
2024-02-01 21:12:49,037 - INFO - {
    "status": "created",
    "candidate": {
        "id": "1344c62f",
        "name": "Andrew Smith",
        "firstname": null,
        "lastname": null,
        "headline": null,
        "image_url": null,
        "account": {
            "subdomain": "assignmentcorporate",
            "name": "AssignmentCorporate"
        },
        "job": {
            "shortcode": "F8D1EA3849",
            "title": "Data Architect"
        },
        "stage": "Applied",
        "disqualified": false,
        "disqualified_at": null,
        "disqualification_reason": null,
        "hired_at": null,
        "sourced": false,
        "profile_url": "https://assignmentcorporate.workable.com/backend/jobs/3723929/candidates/323273053",
        "address": "789 Birch St, Datatown, NY, United States, 12345",
        "phone": "111-222-3333",
        "email": "asm_andrew.smith@email705.com",
        "outbound_mailbox": "4e405yjfbzez@outbound.workablemail.com",
        "domain": "Employee referral",
        "uploader_id": null,
        "created_at": "2024-02-01T19:12:50Z",
        "updated_at": "2024-02-01T19:12:50Z",
        "cover_letter": null,
        "summary": null,
        "education_entries": [],
        "experience_entries": [],
        "skills": [],
        "answers": [],
        "resume_url": null,
        "tags": [],
        "location": {
            "location_str": null,
            "country": null,
            "country_code": null,
            "region": null,
            "region_code": null,
            "city": null,
            "zip_code": null
        },
        "originating_candidate_id": null
    }
}
2024-02-01 21:12:49,040 - INFO - Candidate ID: 1344c62f
2024-02-01 21:12:49,040 - INFO - Candidate Name: Andrew Smith
2024-02-01 21:12:49,040 - INFO - Candidate Andrew Smith imported successfully!
2024-02-01 21:12:49,040 - INFO - Response: <bound method CandidateResponseDTO.to_json of <dto.candidate_response_dto.CandidateResponseDTO object at 0x000001FB584F7760>>
2024-02-01 21:12:49,926 - INFO - {
    "status": "created",
    "candidate": {
        "id": "1344c632",
        "name": "Karen Johnson",
        "firstname": null,
        "lastname": null,
        "headline": null,
        "image_url": null,
        "account": {
            "subdomain": "assignmentcorporate",
            "name": "AssignmentCorporate"
        },
        "job": {
            "shortcode": "F8D1EA3849",
            "title": "Data Architect"
        },
        "stage": "Applied",
        "disqualified": false,
        "disqualified_at": null,
        "disqualification_reason": null,
        "hired_at": null,
        "sourced": false,
        "profile_url": "https://assignmentcorporate.workable.com/backend/jobs/3723929/candidates/323273056",
        "address": "654 Elm St, Marketville, CA, United States, 45678",
        "phone": "444-555-6666",
        "email": "kjo_karen.johnson@email705.com",
        "outbound_mailbox": "4e40sh4pjiru@outbound.workablemail.com",
        "domain": "Job board",
        "uploader_id": null,
        "created_at": "2024-02-01T19:12:51Z",
        "updated_at": "2024-02-01T19:12:51Z",
        "cover_letter": null,
        "summary": null,
        "education_entries": [],
        "experience_entries": [],
        "skills": [],
        "answers": [],
        "resume_url": null,
        "tags": [],
        "location": {
            "location_str": null,
            "country": null,
            "country_code": null,
            "region": null,
            "region_code": null,
            "city": null,
            "zip_code": null
        },
        "originating_candidate_id": null
    }
}
2024-02-01 21:12:49,928 - INFO - Candidate ID: 1344c632
2024-02-01 21:12:49,928 - INFO - Candidate Name: Karen Johnson
2024-02-01 21:12:49,928 - INFO - Candidate Karen Johnson imported successfully!
2024-02-01 21:12:49,928 - INFO - Response: <bound method CandidateResponseDTO.to_json of <dto.candidate_response_dto.CandidateResponseDTO object at 0x000001FB585A0130>>
2024-02-01 21:12:50,871 - INFO - {
    "status": "created",
    "candidate": {
        "id": "1344c634",
        "name": "Justin Kim",
        "firstname": null,
        "lastname": null,
        "headline": null,
        "image_url": null,
        "account": {
            "subdomain": "assignmentcorporate",
            "name": "AssignmentCorporate"
        },
        "job": {
            "shortcode": "F8D1EA3849",
            "title": "Data Architect"
        },
        "stage": "Applied",
        "disqualified": false,
        "disqualified_at": null,
        "disqualification_reason": null,
        "hired_at": null,
        "sourced": false,
        "profile_url": "https://assignmentcorporate.workable.com/backend/jobs/3723929/candidates/323273058",
        "address": "876 Pine St, Techtown, TX, United States, 23456",
        "phone": "999-888-7777",
        "email": "jki_justin.kim@email705.com",
        "outbound_mailbox": "4e40f-nx_zxo@outbound.workablemail.com",
        "domain": "Employee referral",
        "uploader_id": null,
        "created_at": "2024-02-01T19:12:52Z",
        "updated_at": "2024-02-01T19:12:52Z",
        "cover_letter": null,
        "summary": null,
        "education_entries": [],
        "experience_entries": [],
        "skills": [],
        "answers": [],
        "resume_url": null,
        "tags": [],
        "location": {
            "location_str": null,
            "country": null,
            "country_code": null,
            "region": null,
            "region_code": null,
            "city": null,
            "zip_code": null
        },
        "originating_candidate_id": null
    }
}
2024-02-01 21:12:50,873 - INFO - Candidate ID: 1344c634
2024-02-01 21:12:50,873 - INFO - Candidate Name: Justin Kim
2024-02-01 21:12:50,874 - INFO - Candidate Justin Kim imported successfully!
2024-02-01 21:12:50,874 - INFO - Response: <bound method CandidateResponseDTO.to_json of <dto.candidate_response_dto.CandidateResponseDTO object at 0x000001FB585A0A00>>
2024-02-01 21:12:51,824 - INFO - {
    "status": "created",
    "candidate": {
        "id": "1344c637",
        "name": "Grace Li",
        "firstname": null,
        "lastname": null,
        "headline": null,
        "image_url": null,
        "account": {
            "subdomain": "assignmentcorporate",
            "name": "AssignmentCorporate"
        },
        "job": {
            "shortcode": "F8D1EA3849",
            "title": "Data Architect"
        },
        "stage": "Applied",
        "disqualified": true,
        "disqualified_at": "2024-02-01T19:12:53.021Z",
        "disqualification_reason": null,
        "hired_at": null,
        "sourced": false,
        "profile_url": "https://assignmentcorporate.workable.com/backend/jobs/3723929/candidates/323273061",
        "address": "Dataville, NY, United States, 56789",
        "phone": "222-333-4444",
        "email": "gli_grace.li@email705.com",
        "outbound_mailbox": "4e40rq4epxkj@outbound.workablemail.com",
        "domain": "Job board",
        "uploader_id": null,
        "created_at": "2024-02-01T19:12:53Z",
        "updated_at": "2024-02-01T19:12:53Z",
        "cover_letter": null,
        "summary": null,
        "education_entries": [],
        "experience_entries": [],
        "skills": [],
        "answers": [],
        "resume_url": null,
        "tags": [],
        "location": {
            "location_str": null,
            "country": null,
            "country_code": null,
            "region": null,
            "region_code": null,
            "city": null,
            "zip_code": null
        },
        "originating_candidate_id": null
    }
}
2024-02-01 21:12:51,827 - INFO - Candidate ID: 1344c637
2024-02-01 21:12:51,827 - INFO - Candidate Name: Grace Li
2024-02-01 21:12:51,828 - INFO - Candidate Grace Li imported successfully!
2024-02-01 21:12:51,828 - INFO - Response: <bound method CandidateResponseDTO.to_json of <dto.candidate_response_dto.CandidateResponseDTO object at 0x000001FB584F7850>>
2024-02-01 21:12:52,756 - INFO - {
    "status": "created",
    "candidate": {
        "id": "1344c639",
        "name": "Christopher Brown",
        "firstname": null,
        "lastname": null,
        "headline": null,
        "image_url": null,
        "account": {
            "subdomain": "assignmentcorporate",
            "name": "AssignmentCorporate"
        },
        "job": {
            "shortcode": "F8D1EA3849",
            "title": "Data Architect"
        },
        "stage": "Applied",
        "disqualified": false,
        "disqualified_at": null,
        "disqualification_reason": null,
        "hired_at": null,
        "sourced": false,
        "profile_url": "https://assignmentcorporate.workable.com/backend/jobs/3723929/candidates/323273063",
        "address": "Marketcity, CA, United States, 12345",
        "phone": "888-999-0000",
        "email": "cbr_christopher.brown@email705.com",
        "outbound_mailbox": "4e40jmq3mgkj@outbound.workablemail.com",
        "domain": "Employee referral",
        "uploader_id": null,
        "created_at": "2024-02-01T19:12:54Z",
        "updated_at": "2024-02-01T19:12:54Z",
        "cover_letter": null,
        "summary": null,
        "education_entries": [],
        "experience_entries": [],
        "skills": [],
        "answers": [],
        "resume_url": null,
        "tags": [],
        "location": {
            "location_str": null,
            "country": null,
            "country_code": null,
            "region": null,
            "region_code": null,
            "city": null,
            "zip_code": null
        },
        "originating_candidate_id": null
    }
}
2024-02-01 21:12:52,759 - INFO - Candidate ID: 1344c639
2024-02-01 21:12:52,759 - INFO - Candidate Name: Christopher Brown
2024-02-01 21:12:52,759 - INFO - Candidate Christopher Brown imported successfully!
2024-02-01 21:12:52,759 - INFO - Response: <bound method CandidateResponseDTO.to_json of <dto.candidate_response_dto.CandidateResponseDTO object at 0x000001FB58578910>>
2024-02-01 21:12:53,743 - INFO - {
    "status": "created",
    "candidate": {
        "id": "1344c63b",
        "name": "Isabella Wang",
        "firstname": null,
        "lastname": null,
        "headline": null,
        "image_url": null,
        "account": {
            "subdomain": "assignmentcorporate",
            "name": "AssignmentCorporate"
        },
        "job": {
            "shortcode": "F8D1EA3849",
            "title": "Data Architect"
        },
        "stage": "Applied",
        "disqualified": false,
        "disqualified_at": null,
        "disqualification_reason": null,
        "hired_at": null,
        "sourced": false,
        "profile_url": "https://assignmentcorporate.workable.com/backend/jobs/3723929/candidates/323273065",
        "address": "876 Oak St, Codeville, TX, United States, 45678",
        "phone": "333-444-5555",
        "email": "iwa_isabella.wang@email705.com",
        "outbound_mailbox": "4e40x5r4zlld@outbound.workablemail.com",
        "domain": "Job board",
        "uploader_id": null,
        "created_at": "2024-02-01T19:12:55Z",
        "updated_at": "2024-02-01T19:12:55Z",
        "cover_letter": null,
        "summary": null,
        "education_entries": [],
        "experience_entries": [],
        "skills": [],
        "answers": [],
        "resume_url": null,
        "tags": [],
        "location": {
            "location_str": null,
            "country": null,
            "country_code": null,
            "region": null,
            "region_code": null,
            "city": null,
            "zip_code": null
        },
        "originating_candidate_id": null
    }
}
2024-02-01 21:12:53,746 - INFO - Candidate ID: 1344c63b
2024-02-01 21:12:53,746 - INFO - Candidate Name: Isabella Wang
2024-02-01 21:12:53,746 - INFO - Candidate Isabella Wang imported successfully!
2024-02-01 21:12:53,746 - INFO - Response: <bound method CandidateResponseDTO.to_json of <dto.candidate_response_dto.CandidateResponseDTO object at 0x000001FB58579EA0>>
2024-02-01 21:12:54,706 - INFO - {
    "status": "created",
    "candidate": {
        "id": "1344c63f",
        "name": "Justin Johnson",
        "firstname": null,
        "lastname": null,
        "headline": null,
        "image_url": null,
        "account": {
            "subdomain": "assignmentcorporate",
            "name": "AssignmentCorporate"
        },
        "job": {
            "shortcode": "F8D1EA3849",
            "title": "Data Architect"
        },
        "stage": "Applied",
        "disqualified": false,
        "disqualified_at": null,
        "disqualification_reason": null,
        "hired_at": null,
        "sourced": false,
        "profile_url": "https://assignmentcorporate.workable.com/backend/jobs/3723929/candidates/323273069",
        "address": "987 Pine St, Dataville, CA, United States, 23456",
        "phone": "555-666-7777",
        "email": "jjo_justin.kim@email705.com",
        "outbound_mailbox": "4e40f44sfrbb@outbound.workablemail.com",
        "domain": "Employee referral",
        "uploader_id": null,
        "created_at": "2024-02-01T19:12:55Z",
        "updated_at": "2024-02-01T19:12:56Z",
        "cover_letter": null,
        "summary": null,
        "education_entries": [],
        "experience_entries": [],
        "skills": [],
        "answers": [],
        "resume_url": null,
        "tags": [],
        "location": {
            "location_str": null,
            "country": null,
            "country_code": null,
            "region": null,
            "region_code": null,
            "city": null,
            "zip_code": null
        },
        "originating_candidate_id": null
    }
}
2024-02-01 21:12:54,709 - INFO - Candidate ID: 1344c63f
2024-02-01 21:12:54,709 - INFO - Candidate Name: Justin Johnson
2024-02-01 21:12:54,709 - INFO - Candidate Justin Johnson imported successfully!
2024-02-01 21:12:54,709 - INFO - Response: <bound method CandidateResponseDTO.to_json of <dto.candidate_response_dto.CandidateResponseDTO object at 0x000001FB5857A770>>
2024-02-01 21:12:55,717 - INFO - {
    "status": "created",
    "candidate": {
        "id": "1344c644",
        "name": "Sophia Lee",
        "firstname": null,
        "lastname": null,
        "headline": null,
        "image_url": null,
        "account": {
            "subdomain": "assignmentcorporate",
            "name": "AssignmentCorporate"
        },
        "job": {
            "shortcode": "F8D1EA3849",
            "title": "Data Architect"
        },
        "stage": "Applied",
        "disqualified": true,
        "disqualified_at": "2024-02-01T19:12:56.894Z",
        "disqualification_reason": null,
        "hired_at": null,
        "sourced": false,
        "profile_url": "https://assignmentcorporate.workable.com/backend/jobs/3723929/candidates/323273074",
        "address": "Marketcity, CA, United States, 12345",
        "phone": "222-333-4444",
        "email": "sle_sophia.lee@email705.com",
        "outbound_mailbox": "4e40ginrtg2g@outbound.workablemail.com",
        "domain": "Job board",
        "uploader_id": null,
        "created_at": "2024-02-01T19:12:56Z",
        "updated_at": "2024-02-01T19:12:57Z",
        "cover_letter": null,
        "summary": null,
        "education_entries": [],
        "experience_entries": [],
        "skills": [],
        "answers": [],
        "resume_url": null,
        "tags": [],
        "location": {
            "location_str": null,
            "country": null,
            "country_code": null,
            "region": null,
            "region_code": null,
            "city": null,
            "zip_code": null
        },
        "originating_candidate_id": null
    }
}
2024-02-01 21:12:55,720 - INFO - Candidate ID: 1344c644
2024-02-01 21:12:55,720 - INFO - Candidate Name: Sophia Lee
2024-02-01 21:12:55,720 - INFO - Candidate Sophia Lee imported successfully!
2024-02-01 21:12:55,720 - INFO - Response: <bound method CandidateResponseDTO.to_json of <dto.candidate_response_dto.CandidateResponseDTO object at 0x000001FB58579E70>>
2024-02-01 21:12:58,574 - INFO - Executing GET request...
2024-02-01 21:12:58,574 - INFO - [<dto.candidate_response_dto.CandidateResponseDTO object at 0x000001FB58578580>, <dto.candidate_response_dto.CandidateResponseDTO object at 0x000001FB585785E0>, <dto.candidate_response_dto.CandidateResponseDTO object at 0x000001FB58578EE0>, <dto.candidate_response_dto.CandidateResponseDTO object at 0x000001FB585797E0>, <dto.candidate_response_dto.CandidateResponseDTO object at 0x000001FB5857A0B0>, <dto.candidate_response_dto.CandidateResponseDTO object at 0x000001FB5857A980>, <dto.candidate_response_dto.CandidateResponseDTO object at 0x000001FB5857B250>, <dto.candidate_response_dto.CandidateResponseDTO object at 0x000001FB5857BB20>, <dto.candidate_response_dto.CandidateResponseDTO object at 0x000001FB5857B4F0>, <dto.candidate_response_dto.CandidateResponseDTO object at 0x000001FB5857AE60>, <dto.candidate_response_dto.CandidateResponseDTO object at 0x000001FB5857A290>, <dto.candidate_response_dto.CandidateResponseDTO object at 0x000001FB58579300>, <dto.candidate_response_dto.CandidateResponseDTO object at 0x000001FB58578F70>, <dto.candidate_response_dto.CandidateResponseDTO object at 0x000001FB585786D0>, <dto.candidate_response_dto.CandidateResponseDTO object at 0x000001FB584F7760>, <dto.candidate_response_dto.CandidateResponseDTO object at 0x000001FB585A0130>, <dto.candidate_response_dto.CandidateResponseDTO object at 0x000001FB585A0A00>, <dto.candidate_response_dto.CandidateResponseDTO object at 0x000001FB584F7850>, <dto.candidate_response_dto.CandidateResponseDTO object at 0x000001FB58578910>, <dto.candidate_response_dto.CandidateResponseDTO object at 0x000001FB58579EA0>, <dto.candidate_response_dto.CandidateResponseDTO object at 0x000001FB5857A770>, <dto.candidate_response_dto.CandidateResponseDTO object at 0x000001FB58579E70>]
2024-02-01 21:12:58,576 - INFO - 1. Name: John Doe, ID: 1344c5ba, Job Shortcode: F8D1EA3849
2024-02-01 21:12:58,576 - INFO - 2. Name: Jane Smith, ID: 1344c5c3, Job Shortcode: F8D1EA3849
2024-02-01 21:12:58,577 - INFO - 3. Name: Michael Jones, ID: 1344c5cd, Job Shortcode: F8D1EA3849
2024-02-01 21:12:58,578 - INFO - 4. Name: Sarah Clark, ID: 1344c5d1, Job Shortcode: F8D1EA3849
2024-02-01 21:12:58,578 - INFO - 5. Name: Chris Nguyen, ID: 1344c5d7, Job Shortcode: F8D1EA3849
2024-02-01 21:12:58,579 - INFO - 6. Name: Emily Kim, ID: 1344c5e0, Job Shortcode: F8D1EA3849
2024-02-01 21:12:58,579 - INFO - 7. Name: Aaron Lee, ID: 1344c5e7, Job Shortcode: F8D1EA3849
2024-02-01 21:12:58,580 - INFO - 8. Name: Olivia Evans, ID: 1344c5f6, Job Shortcode: F8D1EA3849
2024-02-01 21:12:58,580 - INFO - 9. Name: James Miller, ID: 1344c5fe, Job Shortcode: F8D1EA3849
2024-02-01 21:12:58,581 - INFO - 10. Name: Lily Chen, ID: 1344c605, Job Shortcode: F8D1EA3849
2024-02-01 21:12:58,581 - INFO - 11. Name: David Johnson, ID: 1344c60b, Job Shortcode: F8D1EA3849
2024-02-01 21:12:58,582 - INFO - 12. Name: Amy Williams, ID: 1344c614, Job Shortcode: F8D1EA3849
2024-02-01 21:12:58,583 - INFO - 13. Name: Robert Lee, ID: 1344c61c, Job Shortcode: F8D1EA3849
2024-02-01 21:12:58,583 - INFO - 14. Name: Michelle Nguyen, ID: 1344c625, Job Shortcode: F8D1EA3849
2024-02-01 21:12:58,584 - INFO - 15. Name: Andrew Smith, ID: 1344c62f, Job Shortcode: F8D1EA3849
2024-02-01 21:12:58,584 - INFO - 16. Name: Karen Johnson, ID: 1344c632, Job Shortcode: F8D1EA3849
2024-02-01 21:12:58,585 - INFO - 17. Name: Justin Kim, ID: 1344c634, Job Shortcode: F8D1EA3849
2024-02-01 21:12:58,585 - INFO - 18. Name: Grace Li, ID: 1344c637, Job Shortcode: F8D1EA3849
2024-02-01 21:12:58,586 - INFO - 19. Name: Christopher Brown, ID: 1344c639, Job Shortcode: F8D1EA3849
2024-02-01 21:12:58,586 - INFO - 20. Name: Isabella Wang, ID: 1344c63b, Job Shortcode: F8D1EA3849
2024-02-01 21:12:58,587 - INFO - 21. Name: Justin Johnson, ID: 1344c63f, Job Shortcode: F8D1EA3849
2024-02-01 21:12:58,588 - INFO - 22. Name: Sophia Lee, ID: 1344c644, Job Shortcode: F8D1EA3849
2024-02-01 21:13:02,423 - INFO - You selected Candidate 15. ID: 1344c62f
2024-02-01 21:13:04,122 - INFO - {'id': '1344c62f', 'name': 'Andrew Smith', 'firstname': None, 'lastname': None, 'headline': None, 'image_url': None, 'account': {'subdomain': 'assignmentcorporate', 'name': 'AssignmentCorporate'}, 'job': {'shortcode': 'F8D1EA3849', 'title': 'Data Architect'}, 'stage': 'Applied', 'disqualified': False, 'disqualified_at': None, 'disqualification_reason': None, 'hired_at': None, 'sourced': False, 'profile_url': 'https://assignmentcorporate.workable.com/backend/jobs/3723929/candidates/323273053', 'address': '789 Birch St, Datatown, NY, United States, 12345', 'phone': '111-222-3333', 'email': 'asm_andrew.smith@email705.com', 'outbound_mailbox': '4e405yjfbzez@outbound.workablemail.com', 'domain': 'Employee referral', 'uploader_id': None, 'created_at': '2024-02-01T19:12:50Z', 'updated_at': '2024-02-01T19:12:50Z', 'cover_letter': None, 'summary': None, 'education_entries': [], 'experience_entries': [], 'skills': [], 'answers': [], 'resume_url': None, 'tags': [], 'location': {'location_str': None, 'country': None, 'country_code': None, 'region': None, 'region_code': None, 'city': None, 'zip_code': None}, 'originating_candidate_id': None, 'talent_pool': {}}
