2024-01-31 22:27:00,135 - INFO - Script started
2024-01-31 22:27:00,135 - INFO - Starting data import...
2024-01-31 22:27:00,136 - INFO - CSV file read successfully.
2024-01-31 22:27:00,137 - INFO - CSV file read successfully.
2024-01-31 22:27:00,137 - INFO - Importing Candidates Information from CSV file...
2024-01-31 22:27:00,137 - INFO - Processed row #1: {'Candidate Id': '1', 'First Name': 'John', 'Last Name': 'Doe', 'Email': 'john.doe@email.com', 'Phone': '123-456-7890', 'Position': 'Data Architect', 'Status': 'Pending', 'Address': '123 Main St', 'Address 2': '', 'City': 'Anytown', 'State': 'CA', 'Country': 'United States', 'Zip': '12345', 'Available Date': '2023-02-01', 'Website Url': 'https://www.johndoe.com', 'Linkedin Url': 'https://www.linkedin.com/in/johndoe', 'Twitter Username': '@johndoe', 'Education Level': "Bachelor's Degree", 'Education Institution Name': 'University of Tech', 'Gender': 'Male', 'Ethnicity': 'Caucasian', 'Disability': '', 'Veteran Status': '', 'Application Date': '2023-01-15 09:30:00', 'Desired Salary': '80000', 'Referred By': 'Employee referral', 'References': 'Available upon request', 'Source': 'RecruiterXYZ', 'Resume File Id': '1', 'Cover Letter File Id': '', 'Resume File': 'John_Doe_Resume.pdf', 'Cover Letter File': '', 'Offer Letter File': ''}
2024-01-31 22:27:00,190 - INFO - Processed row #2: {'Candidate Id': '2', 'First Name': 'Jane', 'Last Name': 'Smith', 'Email': 'jane.smith@email.com', 'Phone': '987-654-3210', 'Position': 'Data Architect', 'Status': 'Interview Scheduled', 'Address': '456 Oak St', 'Address 2': '', 'City': 'Someville', 'State': 'NY', 'Country': 'United States', 'Zip': '56789', 'Available Date': '2023-03-15', 'Website Url': 'https://www.janesmith.com', 'Linkedin Url': 'https://www.linkedin.com/in/janesmith', 'Twitter Username': '@janesmith', 'Education Level': "Master's Degree", 'Education Institution Name': 'Marketing Institute', 'Gender': 'Female', 'Ethnicity': 'Hispanic', 'Disability': '', 'Veteran Status': '', 'Application Date': '2023-02-10 11:45:00', 'Desired Salary': '60000', 'Referred By': 'Job board', 'References': 'Previous employer', 'Source': 'RecruiterABC', 'Resume File Id': '2', 'Cover Letter File Id': '3', 'Resume File': 'Jane_Smith_Resume.pdf', 'Cover Letter File': 'Jane_Smith_Cover_Letter.pdf', 'Offer Letter File': '', None: ['']}
2024-01-31 22:27:00,190 - INFO - Processed row #3: {'Candidate Id': '3', 'First Name': 'Michael', 'Last Name': 'Jones', 'Email': 'michael.jones@email.com', 'Phone': '555-123-4567', 'Position': 'Data Architect', 'Status': 'Offer Extended', 'Address': '789 Pine St', 'Address 2': '', 'City': 'Sometown', 'State': 'TX', 'Country': 'United States', 'Zip': '67890', 'Available Date': '2023-04-01', 'Website Url': 'https://www.michaeljones.com', 'Linkedin Url': 'https://www.linkedin.com/in/michaeljones', 'Twitter Username': '@michaeljones', 'Education Level': "Bachelor's Degree", 'Education Institution Name': 'Data University', 'Gender': 'Male', 'Ethnicity': 'African American', 'Disability': '', 'Veteran Status': '', 'Application Date': '2023-03-01 15:00:00', 'Desired Salary': '70000', 'Referred By': 'Employee referral', 'References': 'Available upon request', 'Source': 'CompanyXYZ', 'Resume File Id': '3', 'Cover Letter File Id': '', 'Resume File': 'Michael_Jones_Resume.pdf', 'Cover Letter File': '', 'Offer Letter File': ''}
2024-01-31 22:27:00,191 - INFO - Processed row #4: {'Candidate Id': '4', 'First Name': 'Sarah', 'Last Name': 'Clark', 'Email': 'sarah.clark@email.com', 'Phone': '111-222-3333', 'Position': 'Data Architect', 'Status': 'Rejected', 'Address': '', 'Address 2': '', 'City': 'Metroville', 'State': 'CA', 'Country': 'United States', 'Zip': '54321', 'Available Date': '', 'Website Url': '', 'Linkedin Url': 'https://www.linkedin.com/in/sarahclark', 'Twitter Username': '@sarahclark', 'Education Level': "Master's Degree", 'Education Institution Name': 'HR Institute', 'Gender': 'Female', 'Ethnicity': 'Caucasian', 'Disability': '', 'Veteran Status': '', 'Application Date': '2022-11-15 14:20:00', 'Desired Salary': '90000', 'Referred By': 'Job board', 'References': 'Previous colleague', 'Source': 'RecruiterDEF', 'Resume File Id': '4', 'Cover Letter File Id': '5', 'Resume File': 'Sarah_Clark_Resume.pdf', 'Cover Letter File': 'Sarah_Clark_Cover_Letter.pdf', 'Offer Letter File': '', None: ['']}
2024-01-31 22:27:00,192 - INFO - Processed row #5: {'Candidate Id': '5', 'First Name': 'Chris', 'Last Name': 'Nguyen', 'Email': 'chris.nguyen@email.com', 'Phone': '999-888-7777', 'Position': 'Data Architect', 'Status': 'Pending', 'Address': '987 Elm St', 'Address 2': '', 'City': 'Cityville', 'State': 'NY', 'Country': 'United States', 'Zip': '45678', 'Available Date': '2023-05-01', 'Website Url': 'https://www.chrisnguyen.com', 'Linkedin Url': 'https://www.linkedin.com/in/chrisnguyen', 'Twitter Username': '@chrisnguyen', 'Education Level': "Bachelor's Degree", 'Education Institution Name': 'Design College', 'Gender': 'Non-Binary', 'Ethnicity': 'Asian', 'Disability': '', 'Veteran Status': '', 'Application Date': '2022-12-20 10:00:00', 'Desired Salary': '75000', 'Referred By': 'Employee referral', 'References': 'Available upon request', 'Source': 'RecruiterGHI', 'Resume File Id': '5', 'Cover Letter File Id': '', 'Resume File': 'Chris_Nguyen_Resume.pdf', 'Cover Letter File': '', 'Offer Letter File': ''}
2024-01-31 22:27:00,192 - INFO - Processed row #6: {'Candidate Id': '6', 'First Name': 'Emily', 'Last Name': 'Kim', 'Email': 'emily.kim@email.com', 'Phone': '444-555-6666', 'Position': 'Data Architect', 'Status': 'Interview Scheduled', 'Address': '654 Birch St', 'Address 2': '', 'City': 'Townsville', 'State': 'TX', 'Country': 'United States', 'Zip': '34567', 'Available Date': '2023-06-15', 'Website Url': 'https://www.emilykim.com', 'Linkedin Url': 'https://www.linkedin.com/in/emilykim', 'Twitter Username': '@emilykim', 'Education Level': "Master's Degree", 'Education Institution Name': 'Business School', 'Gender': 'Female', 'Ethnicity': 'Asian', 'Disability': '', 'Veteran Status': '', 'Application Date': '2023-06-01 12:15:00', 'Desired Salary': '95000', 'Referred By': 'Job board', 'References': 'Previous colleague', 'Source': 'RecruiterJKL', 'Resume File Id': '6', 'Cover Letter File Id': '7', 'Resume File': 'Emily_Kim_Resume.pdf', 'Cover Letter File': 'Emily_Kim_Cover_Letter.pdf', 'Offer Letter File': '', None: ['']}
2024-01-31 22:27:00,192 - INFO - Processed row #7: {'Candidate Id': '7', 'First Name': 'Aaron', 'Last Name': 'Lee', 'Email': 'aaron.lee@email.com', 'Phone': '777-666-5555', 'Position': 'Data Architect', 'Status': 'Pending', 'Address': '789 Maple St', 'Address 2': '', 'City': 'Villagetown', 'State': 'CA', 'Country': 'United States', 'Zip': '23456', 'Available Date': '2023-07-01', 'Website Url': 'https://www.aaronlee.com', 'Linkedin Url': 'https://www.linkedin.com/in/aaronlee', 'Twitter Username': '@aaronlee', 'Education Level': "Bachelor's Degree", 'Education Institution Name': 'Computer Science Institute', 'Gender': 'Male', 'Ethnicity': 'Asian', 'Disability': '', 'Veteran Status': '', 'Application Date': '2023-01-10 09:45:00', 'Desired Salary': '85000', 'Referred By': 'Employee referral', 'References': 'Available upon request', 'Source': 'RecruiterMNO', 'Resume File Id': '7', 'Cover Letter File Id': '', 'Resume File': 'Aaron_Lee_Resume.pdf', 'Cover Letter File': '', 'Offer Letter File': ''}
2024-01-31 22:27:00,193 - INFO - Processed row #8: {'Candidate Id': '8', 'First Name': 'Olivia', 'Last Name': 'Evans', 'Email': 'olivia.evans@email.com', 'Phone': '222-333-4444', 'Position': 'Data Architect', 'Status': 'Offer Extended', 'Address': '', 'Address 2': '', 'City': 'Hometown', 'State': 'NY', 'Country': 'United States', 'Zip': '12345', 'Available Date': '2023-08-15', 'Website Url': 'https://www.oliviaevans.com', 'Linkedin Url': 'https://www.linkedin.com/in/oliviaevans', 'Twitter Username': '@oliviaevans', 'Education Level': "Bachelor's Degree", 'Education Institution Name': 'Finance University', 'Gender': 'Female', 'Ethnicity': 'Caucasian', 'Disability': '', 'Veteran Status': '', 'Application Date': '2023-08-01 14:30:00', 'Desired Salary': '80000', 'Referred By': 'Job board', 'References': 'Previous employer', 'Source': 'RecruiterPQR', 'Resume File Id': '8', 'Cover Letter File Id': '9', 'Resume File': 'Olivia_Evans_Resume.pdf', 'Cover Letter File': 'Olivia_Evans_Cover_Letter.pdf', 'Offer Letter File': '', None: ['']}
2024-01-31 22:27:00,196 - INFO - Processed row #9: {'Candidate Id': '9', 'First Name': 'James', 'Last Name': 'Miller', 'Email': 'james.miller@email.com', 'Phone': '888-999-0000', 'Position': 'Data Architect', 'Status': 'Rejected', 'Address': '', 'Address 2': '', 'City': 'Techcity', 'State': 'TX', 'Country': 'United States', 'Zip': '56789', 'Available Date': '', 'Website Url': '', 'Linkedin Url': 'https://www.linkedin.com/in/jamesmiller', 'Twitter Username': '@jamesmiller', 'Education Level': 'Associate Degree', 'Education Institution Name': 'Tech College', 'Gender': 'Male', 'Ethnicity': 'Caucasian', 'Disability': '', 'Veteran Status': '', 'Application Date': '2023-09-15 16:00:00', 'Desired Salary': '60000', 'Referred By': 'Employee referral', 'References': 'Available upon request', 'Source': 'RecruiterSTU', 'Resume File Id': '9', 'Cover Letter File Id': '', 'Resume File': 'James_Miller_Resume.pdf', 'Cover Letter File': '', 'Offer Letter File': ''}
2024-01-31 22:27:00,196 - INFO - Processed row #10: {'Candidate Id': '10', 'First Name': 'Lily', 'Last Name': 'Chen', 'Email': 'lily.chen@email.com', 'Phone': '333-444-5555', 'Position': 'Data Architect', 'Status': 'Pending', 'Address': '876 Pine St', 'Address 2': '', 'City': 'Artstown', 'State': 'CA', 'Country': 'United States', 'Zip': '45678', 'Available Date': '2023-10-01', 'Website Url': 'https://www.lilychen.com', 'Linkedin Url': 'https://www.linkedin.com/in/lilychen', 'Twitter Username': '@lilychen', 'Education Level': "Bachelor's Degree", 'Education Institution Name': 'Art Institute', 'Gender': 'Female', 'Ethnicity': 'Asian', 'Disability': '', 'Veteran Status': '', 'Application Date': '2022-11-20 11:00:00', 'Desired Salary': '70000', 'Referred By': 'Job board', 'References': 'Previous colleague', 'Source': 'RecruiterVWX', 'Resume File Id': '10', 'Cover Letter File Id': '11', 'Resume File': 'Lily_Chen_Resume.pdf', 'Cover Letter File': '', 'Offer Letter File': ''}
2024-01-31 22:27:00,196 - INFO - Processed row #11: {'Candidate Id': '11', 'First Name': 'David', 'Last Name': 'Johnson', 'Email': 'david.johnson@email.com', 'Phone': '123-234-5678', 'Position': 'Data Architect', 'Status': 'Pending', 'Address': '567 Oak St', 'Address 2': '', 'City': 'Techville', 'State': 'CA', 'Country': 'United States', 'Zip': '34567', 'Available Date': '2023-11-01', 'Website Url': 'https://www.davidjohnson.com', 'Linkedin Url': 'https://www.linkedin.com/in/davidjohnson', 'Twitter Username': '@davidjohnson', 'Education Level': "Master's Degree", 'Education Institution Name': 'Engineering College', 'Gender': 'Male', 'Ethnicity': 'Caucasian', 'Disability': '', 'Veteran Status': '', 'Application Date': '2022-11-15 13:30:00', 'Desired Salary': '90000', 'Referred By': 'Employee referral', 'References': 'Available upon request', 'Source': 'RecruiterYZA', 'Resume File Id': '11', 'Cover Letter File Id': '', 'Resume File': 'David_Johnson_Resume.pdf', 'Cover Letter File': '', 'Offer Letter File': ''}
2024-01-31 22:27:00,197 - INFO - Processed row #12: {'Candidate Id': '12', 'First Name': 'Amy', 'Last Name': 'Williams', 'Email': 'amy.williams@email.com', 'Phone': '555-666-7777', 'Position': 'Data Architect', 'Status': 'Interview Scheduled', 'Address': '987 Maple St', 'Address 2': '', 'City': 'Greetown', 'State': 'NY', 'Country': 'United States', 'Zip': '56789', 'Available Date': '2023-12-15', 'Website Url': 'https://www.amywilliams.com', 'Linkedin Url': 'https://www.linkedin.com/in/amywilliams', 'Twitter Username': '@amywilliams', 'Education Level': "Bachelor's Degree", 'Education Institution Name': 'Computer Science Institute', 'Gender': 'Female', 'Ethnicity': 'Caucasian', 'Disability': '', 'Veteran Status': '', 'Application Date': '2022-12-01 10:45:00', 'Desired Salary': '85000', 'Referred By': 'Job board', 'References': 'Previous employer', 'Source': 'RecruiterBCD', 'Resume File Id': '12', 'Cover Letter File Id': '13', 'Resume File': 'Amy_Williams_Resume.pdf', 'Cover Letter File': 'Amy_Williams_Cover_Letter.pdf', 'Offer Letter File': '', None: ['']}
2024-01-31 22:27:00,197 - INFO - Processed row #13: {'Candidate Id': '13', 'First Name': 'Robert', 'Last Name': 'Lee', 'Email': 'robert.lee@email.com', 'Phone': '333-222-1111', 'Position': 'Data Architect', 'Status': 'Rejected', 'Address': '', 'Address 2': '', 'City': 'Marketingtown', 'State': 'CA', 'Country': 'United States', 'Zip': '43210', 'Available Date': '', 'Website Url': '', 'Linkedin Url': 'https://www.linkedin.com/in/robertlee', 'Twitter Username': '@robertlee', 'Education Level': "Bachelor's Degree", 'Education Institution Name': 'Marketing Institute', 'Gender': 'Male', 'Ethnicity': 'Asian', 'Disability': '', 'Veteran Status': '', 'Application Date': '2022-12-20 09:30:00', 'Desired Salary': '75000', 'Referred By': 'Employee referral', 'References': 'Available upon request', 'Source': 'RecruiterEFG', 'Resume File Id': '13', 'Cover Letter File Id': '14', 'Resume File': 'Robert_Lee_Resume.pdf', 'Cover Letter File': 'Robert_Lee_Cover_Letter.pdf', 'Offer Letter File': '', None: ['']}
2024-01-31 22:27:00,197 - INFO - Processed row #14: {'Candidate Id': '14', 'First Name': 'Michelle', 'Last Name': 'Nguyen', 'Email': 'michelle.nguyen@email.com', 'Phone': '777-888-9999', 'Position': 'Data Architect', 'Status': 'Pending', 'Address': '876 Oak St', 'Address 2': '', 'City': 'Codecity', 'State': 'TX', 'Country': 'United States', 'Zip': '34567', 'Available Date': '2024-01-01', 'Website Url': 'https://www.michellenguyen.com', 'Linkedin Url': 'https://www.linkedin.com/in/michellenguyen', 'Twitter Username': '@michellenguyen', 'Education Level': "Master's Degree", 'Education Institution Name': 'Engineering College', 'Gender': 'Female', 'Ethnicity': 'Asian', 'Disability': '', 'Veteran Status': '', 'Application Date': '2023-01-10 14:00:00', 'Desired Salary': '90000', 'Referred By': 'Job board', 'References': 'Previous colleague', 'Source': 'RecruiterHIJ', 'Resume File Id': '14', 'Cover Letter File Id': '15', 'Resume File': 'Michelle_Nguyen_Resume.pdf', 'Cover Letter File': 'Michelle_Nguyen_Cover_Letter.pdf', 'Offer Letter File': '', None: ['']}
2024-01-31 22:27:00,197 - INFO - Processed row #15: {'Candidate Id': '15', 'First Name': 'Andrew', 'Last Name': 'Smith', 'Email': 'andrew.smith@email.com', 'Phone': '111-222-3333', 'Position': 'Data Architect', 'Status': 'Offer Extended', 'Address': '789 Birch St', 'Address 2': '', 'City': 'Datatown', 'State': 'NY', 'Country': 'United States', 'Zip': '12345', 'Available Date': '2024-01-15', 'Website Url': 'https://www.andrewsmith.com', 'Linkedin Url': 'https://www.linkedin.com/in/andrewsmith', 'Twitter Username': '@andrewsmith', 'Education Level': "Bachelor's Degree", 'Education Institution Name': 'Data University', 'Gender': 'Male', 'Ethnicity': 'Caucasian', 'Disability': '', 'Veteran Status': '', 'Application Date': '2024-04-01 15:45:00', 'Desired Salary': '70000', 'Referred By': 'Employee referral', 'References': 'Available upon request', 'Source': 'RecruiterKLM', 'Resume File Id': '15', 'Cover Letter File Id': '16', 'Resume File': 'Andrew_Smith_Resume.pdf', 'Cover Letter File': 'Andrew_Smith_Cover_Letter.pdf', 'Offer Letter File': '', None: ['']}
2024-01-31 22:27:00,198 - INFO - Processed row #16: {'Candidate Id': '16', 'First Name': 'Karen', 'Last Name': 'Johnson', 'Email': 'karen.johnson@email.com', 'Phone': '444-555-6666', 'Position': 'Data Architect', 'Status': 'Interview Scheduled', 'Address': '654 Elm St', 'Address 2': '', 'City': 'Marketville', 'State': 'CA', 'Country': 'United States', 'Zip': '45678', 'Available Date': '2024-01-01', 'Website Url': 'https://www.karenjohnson.com', 'Linkedin Url': 'https://www.linkedin.com/in/karenjohnson', 'Twitter Username': '@karenjohnson', 'Education Level': "Master's Degree", 'Education Institution Name': 'Marketing Institute', 'Gender': 'Female', 'Ethnicity': 'Caucasian', 'Disability': '', 'Veteran Status': '', 'Application Date': '2023-12-01 12:15:00', 'Desired Salary': '60000', 'Referred By': 'Job board', 'References': 'Previous employer', 'Source': 'RecruiterNOP', 'Resume File Id': '16', 'Cover Letter File Id': '17', 'Resume File': 'Karen_Johnson_Resume.pdf', 'Cover Letter File': 'Karen_Johnson_Cover_Letter.pdf', 'Offer Letter File': '', None: ['']}
2024-01-31 22:27:00,198 - INFO - Processed row #17: {'Candidate Id': '17', 'First Name': 'Justin', 'Last Name': 'Kim', 'Email': 'justin.kim@email.com', 'Phone': '999-888-7777', 'Position': 'Data Architect', 'Status': 'Pending', 'Address': '876 Pine St', 'Address 2': '', 'City': 'Techtown', 'State': 'TX', 'Country': 'United States', 'Zip': '23456', 'Available Date': '2024-01-15', 'Website Url': 'https://www.justinkim.com', 'Linkedin Url': 'https://www.linkedin.com/in/justinkim', 'Twitter Username': '@justinkim', 'Education Level': "Bachelor's Degree", 'Education Institution Name': 'Computer Science Institute', 'Gender': 'Male', 'Ethnicity': 'Asian', 'Disability': '', 'Veteran Status': '', 'Application Date': '2024-01-01 09:45:00', 'Desired Salary': '85000', 'Referred By': 'Employee referral', 'References': 'Available upon request', 'Source': 'RecruiterQRS', 'Resume File Id': '17', 'Cover Letter File Id': '', 'Resume File': 'Justin_Kim_Resume.pdf', 'Cover Letter File': '', 'Offer Letter File': ''}
2024-01-31 22:27:00,198 - INFO - Processed row #18: {'Candidate Id': '18', 'First Name': 'Grace', 'Last Name': 'Li', 'Email': 'grace.li@email.com', 'Phone': '222-333-4444', 'Position': 'Data Architect', 'Status': 'Rejected', 'Address': '', 'Address 2': '', 'City': 'Dataville', 'State': 'NY', 'Country': 'United States', 'Zip': '56789', 'Available Date': '2024-01-01', 'Website Url': 'https://www.graceli.com', 'Linkedin Url': 'https://www.linkedin.com/in/graceli', 'Twitter Username': '@graceli', 'Education Level': "Bachelor's Degree", 'Education Institution Name': 'Data University', 'Gender': 'Female', 'Ethnicity': 'Asian', 'Disability': '', 'Veteran Status': '', 'Application Date': '2023-05-15 16:00:00', 'Desired Salary': '60000', 'Referred By': 'Job board', 'References': 'Previous colleague', 'Source': 'RecruiterTUV', 'Resume File Id': '18', 'Cover Letter File Id': '', 'Resume File': 'Grace_Li_Resume.pdf', 'Cover Letter File': '', 'Offer Letter File': ''}
2024-01-31 22:27:00,198 - INFO - Processed row #19: {'Candidate Id': '19', 'First Name': 'Christopher', 'Last Name': 'Brown', 'Email': 'christopher.brown@email.com', 'Phone': '888-999-0000', 'Position': 'Data Architect', 'Status': 'Pending', 'Address': '', 'Address 2': '', 'City': 'Marketcity', 'State': 'CA', 'Country': 'United States', 'Zip': '12345', 'Available Date': '', 'Website Url': '', 'Linkedin Url': 'https://www.linkedin.com/in/christopherbrown', 'Twitter Username': '@christopherbrown', 'Education Level': "Master's Degree", 'Education Institution Name': 'Marketing Institute', 'Gender': 'Male', 'Ethnicity': 'African American', 'Disability': '', 'Veteran Status': '', 'Application Date': '2023-06-01 11:00:00', 'Desired Salary': '70000', 'Referred By': 'Employee referral', 'References': 'Available upon request', 'Source': 'RecruiterWXY', 'Resume File Id': '19', 'Cover Letter File Id': '20', 'Resume File': 'Christopher_Brown_Resume.pdf', 'Cover Letter File': 'Christopher_Brown_Cover_Letter.pdf', 'Offer Letter File': '', None: ['']}
2024-01-31 22:27:00,199 - INFO - Processed row #20: {'Candidate Id': '20', 'First Name': 'Isabella', 'Last Name': 'Wang', 'Email': 'isabella.wang@email.com', 'Phone': '333-444-5555', 'Position': 'Data Architect', 'Status': 'Offer Extended', 'Address': '876 Oak St', 'Address 2': '', 'City': 'Codeville', 'State': 'TX', 'Country': 'United States', 'Zip': '45678', 'Available Date': '2024-01-15', 'Website Url': 'https://www.isabellawang.com', 'Linkedin Url': 'https://www.linkedin.com/in/isabellawang', 'Twitter Username': '@isabellawang', 'Education Level': "Bachelor's Degree", 'Education Institution Name': 'Computer Science Institute', 'Gender': 'Female', 'Ethnicity': 'Asian', 'Disability': '', 'Veteran Status': '', 'Application Date': '2024-01-01 14:30:00', 'Desired Salary': '90000', 'Referred By': 'Job board', 'References': 'Previous employer', 'Source': 'RecruiterZAB', 'Resume File Id': '20', 'Cover Letter File Id': '21', 'Resume File': 'Isabella_Wang_Resume.pdf', 'Cover Letter File': 'Isabella_Wang_Cover_Letter.pdf', 'Offer Letter File': '', None: ['']}
2024-01-31 22:27:00,199 - INFO - Processed row #21: {'Candidate Id': '21', 'First Name': 'Justin', 'Last Name': 'Johnson', 'Email': 'justin.kim@email.com', 'Phone': '555-666-7777', 'Position': 'Data Architect', 'Status': 'Pending', 'Address': '987 Pine St', 'Address 2': '', 'City': 'Dataville', 'State': 'CA', 'Country': 'United States', 'Zip': '23456', 'Available Date': '2024-01-01', 'Website Url': 'https://www.marcusjohnson.com', 'Linkedin Url': 'https://www.linkedin.com/in/marcusjohnson', 'Twitter Username': '@marcusjohnson', 'Education Level': "Master's Degree", 'Education Institution Name': 'Engineering College', 'Gender': 'Male', 'Ethnicity': 'African American', 'Disability': '', 'Veteran Status': '', 'Application Date': '2024-01-10 09:45:00', 'Desired Salary': '80000', 'Referred By': 'Employee referral', 'References': 'Available upon request', 'Source': 'RecruiterBCD', 'Resume File Id': '21', 'Cover Letter File Id': '', 'Resume File': 'Marcus_Johnson_Resume.pdf', 'Cover Letter File': '', 'Offer Letter File': ''}
2024-01-31 22:27:00,199 - INFO - Processed row #22: {'Candidate Id': '22', 'First Name': 'Sophia', 'Last Name': 'Lee', 'Email': 'sophia.lee@email.com', 'Phone': '222-333-4444', 'Position': 'Data Architect', 'Status': 'Rejected', 'Address': '', 'Address 2': '', 'City': 'Marketcity', 'State': 'CA', 'Country': 'United States', 'Zip': '12345', 'Available Date': '', 'Website Url': '', 'Linkedin Url': 'https://www.linkedin.com/in/sophialee', 'Twitter Username': '@sophialee', 'Education Level': "Bachelor's Degree", 'Education Institution Name': 'Marketing Institute', 'Gender': 'Female', 'Ethnicity': 'Asian', 'Disability': '', 'Veteran Status': '', 'Application Date': '2024-01-15 14:00:00', 'Desired Salary': '75000', 'Referred By': 'Job board', 'References': 'Previous colleague', 'Source': 'RecruiterEFG', 'Resume File Id': '22', 'Cover Letter File Id': '23', 'Resume File': 'Sophia_Lee_Resume.pdf', 'Cover Letter File': 'Sophia_Lee_Cover_Letter.pdf', 'Offer Letter File': '', None: ['']}
2024-01-31 22:27:00,199 - INFO - Data import completed.
2024-01-31 22:27:01,069 - INFO - Creating job objects from given data
2024-01-31 22:27:01,069 - INFO - {'title': 'Data Architect', 'shortcode': 'F8D1EA3849'}
2024-01-31 22:27:01,069 - INFO - {'title': 'Senior Data Architect', 'shortcode': '12B9E154AC'}
2024-01-31 22:27:01,069 - INFO - {'title': 'Data Analyst', 'shortcode': 'E0DFE0E0D6'}
2024-01-31 22:27:01,069 - INFO - {'title': 'Product Manager', 'shortcode': 'A2665726F4'}
2024-01-31 22:27:01,070 - INFO - Creating candidate objects from given data
2024-01-31 22:27:01,070 - INFO - Candidate: John Doe
2024-01-31 22:27:01,070 - INFO - Candidate: Jane Smith
2024-01-31 22:27:01,070 - INFO - Candidate: Michael Jones
2024-01-31 22:27:01,070 - INFO - Candidate: Sarah Clark
2024-01-31 22:27:01,070 - INFO - Candidate: Chris Nguyen
2024-01-31 22:27:01,070 - INFO - Candidate: Emily Kim
2024-01-31 22:27:01,070 - INFO - Candidate: Aaron Lee
2024-01-31 22:27:01,070 - INFO - Candidate: Olivia Evans
2024-01-31 22:27:01,070 - INFO - Candidate: James Miller
2024-01-31 22:27:01,070 - INFO - Candidate: Lily Chen
2024-01-31 22:27:01,071 - INFO - Candidate: David Johnson
2024-01-31 22:27:01,071 - INFO - Candidate: Amy Williams
2024-01-31 22:27:01,071 - INFO - Candidate: Robert Lee
2024-01-31 22:27:01,071 - INFO - Candidate: Michelle Nguyen
2024-01-31 22:27:01,071 - INFO - Candidate: Andrew Smith
2024-01-31 22:27:01,071 - INFO - Candidate: Karen Johnson
2024-01-31 22:27:01,071 - INFO - Candidate: Justin Kim
2024-01-31 22:27:01,071 - INFO - Candidate: Grace Li
2024-01-31 22:27:01,071 - INFO - Candidate: Christopher Brown
2024-01-31 22:27:01,071 - INFO - Candidate: Isabella Wang
2024-01-31 22:27:01,071 - INFO - Candidate: Justin Johnson
2024-01-31 22:27:01,071 - INFO - Candidate: Sophia Lee
2024-01-31 22:27:02,950 - INFO - Candidate John Doe imported successfully!
2024-01-31 22:27:02,953 - INFO - Response ID: 133f98d8
2024-01-31 22:27:02,953 - INFO - Response Name: John Doe
2024-01-31 22:27:03,861 - INFO - Candidate Jane Smith imported successfully!
2024-01-31 22:27:03,865 - INFO - Response ID: 133f98e1
2024-01-31 22:27:03,866 - INFO - Response Name: Jane Smith
2024-01-31 22:27:04,867 - INFO - Candidate Michael Jones imported successfully!
2024-01-31 22:27:04,871 - INFO - Response ID: 133f98ec
2024-01-31 22:27:04,871 - INFO - Response Name: Michael Jones
2024-01-31 22:27:05,781 - INFO - Candidate Sarah Clark imported successfully!
2024-01-31 22:27:05,785 - INFO - Response ID: 133f98f7
2024-01-31 22:27:05,786 - INFO - Response Name: Sarah Clark
2024-01-31 22:27:06,765 - INFO - Candidate Chris Nguyen imported successfully!
2024-01-31 22:27:06,768 - INFO - Response ID: 133f9900
2024-01-31 22:27:06,769 - INFO - Response Name: Chris Nguyen
2024-01-31 22:27:07,779 - INFO - Candidate Emily Kim imported successfully!
2024-01-31 22:27:07,783 - INFO - Response ID: 133f9908
2024-01-31 22:27:07,784 - INFO - Response Name: Emily Kim
2024-01-31 22:27:08,961 - INFO - Candidate Aaron Lee imported successfully!
2024-01-31 22:27:08,964 - INFO - Response ID: 133f9914
2024-01-31 22:27:08,965 - INFO - Response Name: Aaron Lee
2024-01-31 22:27:09,924 - INFO - Candidate Olivia Evans imported successfully!
2024-01-31 22:27:09,927 - INFO - Response ID: 133f991b
2024-01-31 22:27:09,928 - INFO - Response Name: Olivia Evans
2024-01-31 22:27:10,863 - INFO - Candidate James Miller imported successfully!
2024-01-31 22:27:10,867 - INFO - Response ID: 133f9924
2024-01-31 22:27:10,867 - INFO - Response Name: James Miller
2024-01-31 22:27:11,774 - INFO - Candidate Lily Chen imported successfully!
2024-01-31 22:27:11,778 - INFO - Response ID: 133f9929
2024-01-31 22:27:11,778 - INFO - Response Name: Lily Chen
2024-01-31 22:27:12,857 - INFO - Candidate David Johnson imported successfully!
2024-01-31 22:27:12,861 - INFO - Response ID: 133f9933
2024-01-31 22:27:12,861 - INFO - Response Name: David Johnson
2024-01-31 22:27:13,816 - INFO - Candidate Amy Williams imported successfully!
2024-01-31 22:27:13,819 - INFO - Response ID: 133f993a
2024-01-31 22:27:13,820 - INFO - Response Name: Amy Williams
2024-01-31 22:27:14,736 - INFO - Candidate Robert Lee imported successfully!
2024-01-31 22:27:14,740 - INFO - Response ID: 133f9942
2024-01-31 22:27:14,740 - INFO - Response Name: Robert Lee
2024-01-31 22:27:15,724 - INFO - Candidate Michelle Nguyen imported successfully!
2024-01-31 22:27:15,729 - INFO - Response ID: 133f994a
2024-01-31 22:27:15,729 - INFO - Response Name: Michelle Nguyen
2024-01-31 22:27:16,676 - INFO - Candidate Andrew Smith imported successfully!
2024-01-31 22:27:16,681 - INFO - Response ID: 133f9951
2024-01-31 22:27:16,681 - INFO - Response Name: Andrew Smith
2024-01-31 22:27:17,575 - INFO - Candidate Karen Johnson imported successfully!
2024-01-31 22:27:17,578 - INFO - Response ID: 133f9958
2024-01-31 22:27:17,578 - INFO - Response Name: Karen Johnson
2024-01-31 22:27:18,385 - ERROR - Failed to import candidate Justin Kim.
2024-01-31 22:27:18,386 - ERROR - Response: {"error":"You have exceeded the rate limits"}
2024-01-31 22:27:18,386 - ERROR - Response status: 429
2024-01-31 22:27:19,078 - ERROR - Failed to import candidate Grace Li.
2024-01-31 22:27:19,079 - ERROR - Response: {"error":"You have exceeded the rate limits"}
2024-01-31 22:27:19,080 - ERROR - Response status: 429
2024-01-31 22:27:20,074 - INFO - Candidate Christopher Brown imported successfully!
2024-01-31 22:27:20,077 - INFO - Response ID: 133f996c
2024-01-31 22:27:20,078 - INFO - Response Name: Christopher Brown
2024-01-31 22:27:21,120 - INFO - Candidate Isabella Wang imported successfully!
2024-01-31 22:27:21,122 - INFO - Response ID: 133f996f
2024-01-31 22:27:21,122 - INFO - Response Name: Isabella Wang
2024-01-31 22:27:22,162 - INFO - Candidate Justin Johnson imported successfully!
2024-01-31 22:27:22,165 - INFO - Response ID: 133f9977
2024-01-31 22:27:22,166 - INFO - Response Name: Justin Johnson
2024-01-31 22:27:23,183 - INFO - Candidate Sophia Lee imported successfully!
2024-01-31 22:27:23,185 - INFO - Response ID: 133f9982
2024-01-31 22:27:23,185 - INFO - Response Name: Sophia Lee
2024-01-31 22:28:40,899 - INFO - Executing GET request...
2024-01-31 22:28:40,900 - INFO - 1. Name: John Doe, ID: 133f98d8, Job Shortcode: F8D1EA3849
2024-01-31 22:28:40,901 - INFO - 2. Name: Jane Smith, ID: 133f98e1, Job Shortcode: F8D1EA3849
2024-01-31 22:28:40,902 - INFO - 3. Name: Michael Jones, ID: 133f98ec, Job Shortcode: F8D1EA3849
2024-01-31 22:28:40,902 - INFO - 4. Name: Sarah Clark, ID: 133f98f7, Job Shortcode: F8D1EA3849
2024-01-31 22:28:40,903 - INFO - 5. Name: Chris Nguyen, ID: 133f9900, Job Shortcode: F8D1EA3849
2024-01-31 22:28:40,904 - INFO - 6. Name: Emily Kim, ID: 133f9908, Job Shortcode: F8D1EA3849
2024-01-31 22:28:40,904 - INFO - 7. Name: Aaron Lee, ID: 133f9914, Job Shortcode: F8D1EA3849
2024-01-31 22:28:40,905 - INFO - 8. Name: Olivia Evans, ID: 133f991b, Job Shortcode: F8D1EA3849
2024-01-31 22:28:40,905 - INFO - 9. Name: James Miller, ID: 133f9924, Job Shortcode: F8D1EA3849
2024-01-31 22:28:40,906 - INFO - 10. Name: Lily Chen, ID: 133f9929, Job Shortcode: F8D1EA3849
2024-01-31 22:28:40,907 - INFO - 11. Name: David Johnson, ID: 133f9933, Job Shortcode: F8D1EA3849
2024-01-31 22:28:40,907 - INFO - 12. Name: Amy Williams, ID: 133f993a, Job Shortcode: F8D1EA3849
2024-01-31 22:28:40,908 - INFO - 13. Name: Robert Lee, ID: 133f9942, Job Shortcode: F8D1EA3849
2024-01-31 22:28:40,909 - INFO - 14. Name: Michelle Nguyen, ID: 133f994a, Job Shortcode: F8D1EA3849
2024-01-31 22:28:40,909 - INFO - 15. Name: Andrew Smith, ID: 133f9951, Job Shortcode: F8D1EA3849
2024-01-31 22:28:40,911 - INFO - 16. Name: Karen Johnson, ID: 133f9958, Job Shortcode: F8D1EA3849
2024-01-31 22:28:40,911 - INFO - 17. Name: Christopher Brown, ID: 133f996c, Job Shortcode: F8D1EA3849
2024-01-31 22:28:40,912 - INFO - 18. Name: Isabella Wang, ID: 133f996f, Job Shortcode: F8D1EA3849
2024-01-31 22:28:40,913 - INFO - 19. Name: Justin Johnson, ID: 133f9977, Job Shortcode: F8D1EA3849
2024-01-31 22:28:40,913 - INFO - 20. Name: Sophia Lee, ID: 133f9982, Job Shortcode: F8D1EA3849
2024-01-31 22:28:47,675 - INFO - You selected Candidate 1. ID: 133f98d8
2024-01-31 22:29:04,933 - INFO - URL: https://assignmentcorporate.workable.com/spi/v3/candidates/133f98d8
2024-01-31 22:29:05,741 - INFO - Response:
2024-01-31 22:29:05,741 - INFO - {"candidate":{"id":"133f98d8","name":"John Doe","firstname":"John","lastname":"Doe","headline":null,"image_url":null,"account":{"subdomain":"assignmentcorporate","name":"AssignmentCorporate"},"job":{"shortcode":"F8D1EA3849","title":"Data Architect"},"stage":"Applied","disqualified":false,"disqualified_at":null,"disqualification_reason":null,"hired_at":null,"sourced":false,"profile_url":"https://assignmentcorporate.workable.com/backend/jobs/3723929/candidates/322933766","address":"123 Main St, Anytown, CA, United States, 12345","phone":"123-456-7890","email":"jdo_john.doe@email870.com","outbound_mailbox":"4e3fh9twe5wy@outbound.workablemail.com","domain":"Employee referral","uploader_id":null,"created_at":"2024-01-31T20:27:03Z","updated_at":"2024-01-31T20:27:05Z","cover_letter":null,"summary":null,"education_entries":[],"experience_entries":[],"skills":[],"answers":[],"resume_url":null,"tags":[],"location":{"location_str":"California, United States","country":"United States","country_code":"US","region":"California","region_code":"California","city":null,"zip_code":null},"originating_candidate_id":null}}
