2024-02-01 19:56:40,660 - INFO - Script started
2024-02-01 19:56:40,661 - INFO - Starting data import...
2024-02-01 19:56:40,662 - INFO - CSV file read successfully.
2024-02-01 19:56:40,662 - INFO - CSV file read successfully.
2024-02-01 19:56:40,662 - INFO - Importing Candidates Information from CSV file...
2024-02-01 19:56:40,663 - INFO - Processed row #1: {'Candidate Id': '1', 'First Name': 'John', 'Last Name': 'Doe', 'Email': 'john.doe@email.com', 'Phone': '123-456-7890', 'Position': 'Data Architect', 'Status': 'Pending', 'Address': '123 Main St', 'Address 2': '', 'City': 'Anytown', 'State': 'CA', 'Country': 'United States', 'Zip': '12345', 'Available Date': '2023-02-01', 'Website Url': 'https://www.johndoe.com', 'Linkedin Url': 'https://www.linkedin.com/in/johndoe', 'Twitter Username': '@johndoe', 'Education Level': "Bachelor's Degree", 'Education Institution Name': 'University of Tech', 'Gender': 'Male', 'Ethnicity': 'Caucasian', 'Disability': '', 'Veteran Status': '', 'Application Date': '2023-01-15 09:30:00', 'Desired Salary': '80000', 'Referred By': 'Employee referral', 'References': 'Available upon request', 'Source': 'RecruiterXYZ', 'Resume File Id': '1', 'Cover Letter File Id': '', 'Resume File': 'John_Doe_Resume.pdf', 'Cover Letter File': '', 'Offer Letter File': ''}
2024-02-01 19:56:40,663 - INFO - Processed row #2: {'Candidate Id': '2', 'First Name': 'Jane', 'Last Name': 'Smith', 'Email': 'jane.smith@email.com', 'Phone': '987-654-3210', 'Position': 'Data Architect', 'Status': 'Interview Scheduled', 'Address': '456 Oak St', 'Address 2': '', 'City': 'Someville', 'State': 'NY', 'Country': 'United States', 'Zip': '56789', 'Available Date': '2023-03-15', 'Website Url': 'https://www.janesmith.com', 'Linkedin Url': 'https://www.linkedin.com/in/janesmith', 'Twitter Username': '@janesmith', 'Education Level': "Master's Degree", 'Education Institution Name': 'Marketing Institute', 'Gender': 'Female', 'Ethnicity': 'Hispanic', 'Disability': '', 'Veteran Status': '', 'Application Date': '2023-02-10 11:45:00', 'Desired Salary': '60000', 'Referred By': 'Job board', 'References': 'Previous employer', 'Source': 'RecruiterABC', 'Resume File Id': '2', 'Cover Letter File Id': '3', 'Resume File': 'Jane_Smith_Resume.pdf', 'Cover Letter File': 'Jane_Smith_Cover_Letter.pdf', 'Offer Letter File': '', None: ['']}
2024-02-01 19:56:40,663 - INFO - Processed row #3: {'Candidate Id': '3', 'First Name': 'Michael', 'Last Name': 'Jones', 'Email': 'michael.jones@email.com', 'Phone': '555-123-4567', 'Position': 'Data Architect', 'Status': 'Offer Extended', 'Address': '789 Pine St', 'Address 2': '', 'City': 'Sometown', 'State': 'TX', 'Country': 'United States', 'Zip': '67890', 'Available Date': '2023-04-01', 'Website Url': 'https://www.michaeljones.com', 'Linkedin Url': 'https://www.linkedin.com/in/michaeljones', 'Twitter Username': '@michaeljones', 'Education Level': "Bachelor's Degree", 'Education Institution Name': 'Data University', 'Gender': 'Male', 'Ethnicity': 'African American', 'Disability': '', 'Veteran Status': '', 'Application Date': '2023-03-01 15:00:00', 'Desired Salary': '70000', 'Referred By': 'Employee referral', 'References': 'Available upon request', 'Source': 'CompanyXYZ', 'Resume File Id': '3', 'Cover Letter File Id': '', 'Resume File': 'Michael_Jones_Resume.pdf', 'Cover Letter File': '', 'Offer Letter File': ''}
2024-02-01 19:56:40,663 - INFO - Processed row #4: {'Candidate Id': '4', 'First Name': 'Sarah', 'Last Name': 'Clark', 'Email': 'sarah.clark@email.com', 'Phone': '111-222-3333', 'Position': 'Data Architect', 'Status': 'Rejected', 'Address': '', 'Address 2': '', 'City': 'Metroville', 'State': 'CA', 'Country': 'United States', 'Zip': '54321', 'Available Date': '', 'Website Url': '', 'Linkedin Url': 'https://www.linkedin.com/in/sarahclark', 'Twitter Username': '@sarahclark', 'Education Level': "Master's Degree", 'Education Institution Name': 'HR Institute', 'Gender': 'Female', 'Ethnicity': 'Caucasian', 'Disability': '', 'Veteran Status': '', 'Application Date': '2022-11-15 14:20:00', 'Desired Salary': '90000', 'Referred By': 'Job board', 'References': 'Previous colleague', 'Source': 'RecruiterDEF', 'Resume File Id': '4', 'Cover Letter File Id': '5', 'Resume File': 'Sarah_Clark_Resume.pdf', 'Cover Letter File': 'Sarah_Clark_Cover_Letter.pdf', 'Offer Letter File': '', None: ['']}
2024-02-01 19:56:40,664 - INFO - Processed row #5: {'Candidate Id': '5', 'First Name': 'Chris', 'Last Name': 'Nguyen', 'Email': 'chris.nguyen@email.com', 'Phone': '999-888-7777', 'Position': 'Data Architect', 'Status': 'Pending', 'Address': '987 Elm St', 'Address 2': '', 'City': 'Cityville', 'State': 'NY', 'Country': 'United States', 'Zip': '45678', 'Available Date': '2023-05-01', 'Website Url': 'https://www.chrisnguyen.com', 'Linkedin Url': 'https://www.linkedin.com/in/chrisnguyen', 'Twitter Username': '@chrisnguyen', 'Education Level': "Bachelor's Degree", 'Education Institution Name': 'Design College', 'Gender': 'Non-Binary', 'Ethnicity': 'Asian', 'Disability': '', 'Veteran Status': '', 'Application Date': '2022-12-20 10:00:00', 'Desired Salary': '75000', 'Referred By': 'Employee referral', 'References': 'Available upon request', 'Source': 'RecruiterGHI', 'Resume File Id': '5', 'Cover Letter File Id': '', 'Resume File': 'Chris_Nguyen_Resume.pdf', 'Cover Letter File': '', 'Offer Letter File': ''}
2024-02-01 19:56:40,664 - INFO - Processed row #6: {'Candidate Id': '6', 'First Name': 'Emily', 'Last Name': 'Kim', 'Email': 'emily.kim@email.com', 'Phone': '444-555-6666', 'Position': 'Data Architect', 'Status': 'Interview Scheduled', 'Address': '654 Birch St', 'Address 2': '', 'City': 'Townsville', 'State': 'TX', 'Country': 'United States', 'Zip': '34567', 'Available Date': '2023-06-15', 'Website Url': 'https://www.emilykim.com', 'Linkedin Url': 'https://www.linkedin.com/in/emilykim', 'Twitter Username': '@emilykim', 'Education Level': "Master's Degree", 'Education Institution Name': 'Business School', 'Gender': 'Female', 'Ethnicity': 'Asian', 'Disability': '', 'Veteran Status': '', 'Application Date': '2023-06-01 12:15:00', 'Desired Salary': '95000', 'Referred By': 'Job board', 'References': 'Previous colleague', 'Source': 'RecruiterJKL', 'Resume File Id': '6', 'Cover Letter File Id': '7', 'Resume File': 'Emily_Kim_Resume.pdf', 'Cover Letter File': 'Emily_Kim_Cover_Letter.pdf', 'Offer Letter File': '', None: ['']}
2024-02-01 19:56:40,664 - INFO - Processed row #7: {'Candidate Id': '7', 'First Name': 'Aaron', 'Last Name': 'Lee', 'Email': 'aaron.lee@email.com', 'Phone': '777-666-5555', 'Position': 'Data Architect', 'Status': 'Pending', 'Address': '789 Maple St', 'Address 2': '', 'City': 'Villagetown', 'State': 'CA', 'Country': 'United States', 'Zip': '23456', 'Available Date': '2023-07-01', 'Website Url': 'https://www.aaronlee.com', 'Linkedin Url': 'https://www.linkedin.com/in/aaronlee', 'Twitter Username': '@aaronlee', 'Education Level': "Bachelor's Degree", 'Education Institution Name': 'Computer Science Institute', 'Gender': 'Male', 'Ethnicity': 'Asian', 'Disability': '', 'Veteran Status': '', 'Application Date': '2023-01-10 09:45:00', 'Desired Salary': '85000', 'Referred By': 'Employee referral', 'References': 'Available upon request', 'Source': 'RecruiterMNO', 'Resume File Id': '7', 'Cover Letter File Id': '', 'Resume File': 'Aaron_Lee_Resume.pdf', 'Cover Letter File': '', 'Offer Letter File': ''}
2024-02-01 19:56:40,664 - INFO - Processed row #8: {'Candidate Id': '8', 'First Name': 'Olivia', 'Last Name': 'Evans', 'Email': 'olivia.evans@email.com', 'Phone': '222-333-4444', 'Position': 'Data Architect', 'Status': 'Offer Extended', 'Address': '', 'Address 2': '', 'City': 'Hometown', 'State': 'NY', 'Country': 'United States', 'Zip': '12345', 'Available Date': '2023-08-15', 'Website Url': 'https://www.oliviaevans.com', 'Linkedin Url': 'https://www.linkedin.com/in/oliviaevans', 'Twitter Username': '@oliviaevans', 'Education Level': "Bachelor's Degree", 'Education Institution Name': 'Finance University', 'Gender': 'Female', 'Ethnicity': 'Caucasian', 'Disability': '', 'Veteran Status': '', 'Application Date': '2023-08-01 14:30:00', 'Desired Salary': '80000', 'Referred By': 'Job board', 'References': 'Previous employer', 'Source': 'RecruiterPQR', 'Resume File Id': '8', 'Cover Letter File Id': '9', 'Resume File': 'Olivia_Evans_Resume.pdf', 'Cover Letter File': 'Olivia_Evans_Cover_Letter.pdf', 'Offer Letter File': '', None: ['']}
2024-02-01 19:56:40,664 - INFO - Processed row #9: {'Candidate Id': '9', 'First Name': 'James', 'Last Name': 'Miller', 'Email': 'james.miller@email.com', 'Phone': '888-999-0000', 'Position': 'Data Architect', 'Status': 'Rejected', 'Address': '', 'Address 2': '', 'City': 'Techcity', 'State': 'TX', 'Country': 'United States', 'Zip': '56789', 'Available Date': '', 'Website Url': '', 'Linkedin Url': 'https://www.linkedin.com/in/jamesmiller', 'Twitter Username': '@jamesmiller', 'Education Level': 'Associate Degree', 'Education Institution Name': 'Tech College', 'Gender': 'Male', 'Ethnicity': 'Caucasian', 'Disability': '', 'Veteran Status': '', 'Application Date': '2023-09-15 16:00:00', 'Desired Salary': '60000', 'Referred By': 'Employee referral', 'References': 'Available upon request', 'Source': 'RecruiterSTU', 'Resume File Id': '9', 'Cover Letter File Id': '', 'Resume File': 'James_Miller_Resume.pdf', 'Cover Letter File': '', 'Offer Letter File': ''}
2024-02-01 19:56:40,664 - INFO - Processed row #10: {'Candidate Id': '10', 'First Name': 'Lily', 'Last Name': 'Chen', 'Email': 'lily.chen@email.com', 'Phone': '333-444-5555', 'Position': 'Data Architect', 'Status': 'Pending', 'Address': '876 Pine St', 'Address 2': '', 'City': 'Artstown', 'State': 'CA', 'Country': 'United States', 'Zip': '45678', 'Available Date': '2023-10-01', 'Website Url': 'https://www.lilychen.com', 'Linkedin Url': 'https://www.linkedin.com/in/lilychen', 'Twitter Username': '@lilychen', 'Education Level': "Bachelor's Degree", 'Education Institution Name': 'Art Institute', 'Gender': 'Female', 'Ethnicity': 'Asian', 'Disability': '', 'Veteran Status': '', 'Application Date': '2022-11-20 11:00:00', 'Desired Salary': '70000', 'Referred By': 'Job board', 'References': 'Previous colleague', 'Source': 'RecruiterVWX', 'Resume File Id': '10', 'Cover Letter File Id': '11', 'Resume File': 'Lily_Chen_Resume.pdf', 'Cover Letter File': '', 'Offer Letter File': ''}
2024-02-01 19:56:40,664 - INFO - Processed row #11: {'Candidate Id': '11', 'First Name': 'David', 'Last Name': 'Johnson', 'Email': 'david.johnson@email.com', 'Phone': '123-234-5678', 'Position': 'Data Architect', 'Status': 'Pending', 'Address': '567 Oak St', 'Address 2': '', 'City': 'Techville', 'State': 'CA', 'Country': 'United States', 'Zip': '34567', 'Available Date': '2023-11-01', 'Website Url': 'https://www.davidjohnson.com', 'Linkedin Url': 'https://www.linkedin.com/in/davidjohnson', 'Twitter Username': '@davidjohnson', 'Education Level': "Master's Degree", 'Education Institution Name': 'Engineering College', 'Gender': 'Male', 'Ethnicity': 'Caucasian', 'Disability': '', 'Veteran Status': '', 'Application Date': '2022-11-15 13:30:00', 'Desired Salary': '90000', 'Referred By': 'Employee referral', 'References': 'Available upon request', 'Source': 'RecruiterYZA', 'Resume File Id': '11', 'Cover Letter File Id': '', 'Resume File': 'David_Johnson_Resume.pdf', 'Cover Letter File': '', 'Offer Letter File': ''}
2024-02-01 19:56:40,664 - INFO - Processed row #12: {'Candidate Id': '12', 'First Name': 'Amy', 'Last Name': 'Williams', 'Email': 'amy.williams@email.com', 'Phone': '555-666-7777', 'Position': 'Data Architect', 'Status': 'Interview Scheduled', 'Address': '987 Maple St', 'Address 2': '', 'City': 'Greetown', 'State': 'NY', 'Country': 'United States', 'Zip': '56789', 'Available Date': '2023-12-15', 'Website Url': 'https://www.amywilliams.com', 'Linkedin Url': 'https://www.linkedin.com/in/amywilliams', 'Twitter Username': '@amywilliams', 'Education Level': "Bachelor's Degree", 'Education Institution Name': 'Computer Science Institute', 'Gender': 'Female', 'Ethnicity': 'Caucasian', 'Disability': '', 'Veteran Status': '', 'Application Date': '2022-12-01 10:45:00', 'Desired Salary': '85000', 'Referred By': 'Job board', 'References': 'Previous employer', 'Source': 'RecruiterBCD', 'Resume File Id': '12', 'Cover Letter File Id': '13', 'Resume File': 'Amy_Williams_Resume.pdf', 'Cover Letter File': 'Amy_Williams_Cover_Letter.pdf', 'Offer Letter File': '', None: ['']}
2024-02-01 19:56:40,665 - INFO - Processed row #13: {'Candidate Id': '13', 'First Name': 'Robert', 'Last Name': 'Lee', 'Email': 'robert.lee@email.com', 'Phone': '333-222-1111', 'Position': 'Data Architect', 'Status': 'Rejected', 'Address': '', 'Address 2': '', 'City': 'Marketingtown', 'State': 'CA', 'Country': 'United States', 'Zip': '43210', 'Available Date': '', 'Website Url': '', 'Linkedin Url': 'https://www.linkedin.com/in/robertlee', 'Twitter Username': '@robertlee', 'Education Level': "Bachelor's Degree", 'Education Institution Name': 'Marketing Institute', 'Gender': 'Male', 'Ethnicity': 'Asian', 'Disability': '', 'Veteran Status': '', 'Application Date': '2022-12-20 09:30:00', 'Desired Salary': '75000', 'Referred By': 'Employee referral', 'References': 'Available upon request', 'Source': 'RecruiterEFG', 'Resume File Id': '13', 'Cover Letter File Id': '14', 'Resume File': 'Robert_Lee_Resume.pdf', 'Cover Letter File': 'Robert_Lee_Cover_Letter.pdf', 'Offer Letter File': '', None: ['']}
2024-02-01 19:56:40,665 - INFO - Processed row #14: {'Candidate Id': '14', 'First Name': 'Michelle', 'Last Name': 'Nguyen', 'Email': 'michelle.nguyen@email.com', 'Phone': '777-888-9999', 'Position': 'Data Architect', 'Status': 'Pending', 'Address': '876 Oak St', 'Address 2': '', 'City': 'Codecity', 'State': 'TX', 'Country': 'United States', 'Zip': '34567', 'Available Date': '2024-01-01', 'Website Url': 'https://www.michellenguyen.com', 'Linkedin Url': 'https://www.linkedin.com/in/michellenguyen', 'Twitter Username': '@michellenguyen', 'Education Level': "Master's Degree", 'Education Institution Name': 'Engineering College', 'Gender': 'Female', 'Ethnicity': 'Asian', 'Disability': '', 'Veteran Status': '', 'Application Date': '2023-01-10 14:00:00', 'Desired Salary': '90000', 'Referred By': 'Job board', 'References': 'Previous colleague', 'Source': 'RecruiterHIJ', 'Resume File Id': '14', 'Cover Letter File Id': '15', 'Resume File': 'Michelle_Nguyen_Resume.pdf', 'Cover Letter File': 'Michelle_Nguyen_Cover_Letter.pdf', 'Offer Letter File': '', None: ['']}
2024-02-01 19:56:40,665 - INFO - Processed row #15: {'Candidate Id': '15', 'First Name': 'Andrew', 'Last Name': 'Smith', 'Email': 'andrew.smith@email.com', 'Phone': '111-222-3333', 'Position': 'Data Architect', 'Status': 'Offer Extended', 'Address': '789 Birch St', 'Address 2': '', 'City': 'Datatown', 'State': 'NY', 'Country': 'United States', 'Zip': '12345', 'Available Date': '2024-01-15', 'Website Url': 'https://www.andrewsmith.com', 'Linkedin Url': 'https://www.linkedin.com/in/andrewsmith', 'Twitter Username': '@andrewsmith', 'Education Level': "Bachelor's Degree", 'Education Institution Name': 'Data University', 'Gender': 'Male', 'Ethnicity': 'Caucasian', 'Disability': '', 'Veteran Status': '', 'Application Date': '2024-04-01 15:45:00', 'Desired Salary': '70000', 'Referred By': 'Employee referral', 'References': 'Available upon request', 'Source': 'RecruiterKLM', 'Resume File Id': '15', 'Cover Letter File Id': '16', 'Resume File': 'Andrew_Smith_Resume.pdf', 'Cover Letter File': 'Andrew_Smith_Cover_Letter.pdf', 'Offer Letter File': '', None: ['']}
2024-02-01 19:56:40,665 - INFO - Processed row #16: {'Candidate Id': '16', 'First Name': 'Karen', 'Last Name': 'Johnson', 'Email': 'karen.johnson@email.com', 'Phone': '444-555-6666', 'Position': 'Data Architect', 'Status': 'Interview Scheduled', 'Address': '654 Elm St', 'Address 2': '', 'City': 'Marketville', 'State': 'CA', 'Country': 'United States', 'Zip': '45678', 'Available Date': '2024-01-01', 'Website Url': 'https://www.karenjohnson.com', 'Linkedin Url': 'https://www.linkedin.com/in/karenjohnson', 'Twitter Username': '@karenjohnson', 'Education Level': "Master's Degree", 'Education Institution Name': 'Marketing Institute', 'Gender': 'Female', 'Ethnicity': 'Caucasian', 'Disability': '', 'Veteran Status': '', 'Application Date': '2023-12-01 12:15:00', 'Desired Salary': '60000', 'Referred By': 'Job board', 'References': 'Previous employer', 'Source': 'RecruiterNOP', 'Resume File Id': '16', 'Cover Letter File Id': '17', 'Resume File': 'Karen_Johnson_Resume.pdf', 'Cover Letter File': 'Karen_Johnson_Cover_Letter.pdf', 'Offer Letter File': '', None: ['']}
2024-02-01 19:56:40,665 - INFO - Processed row #17: {'Candidate Id': '17', 'First Name': 'Justin', 'Last Name': 'Kim', 'Email': 'justin.kim@email.com', 'Phone': '999-888-7777', 'Position': 'Data Architect', 'Status': 'Pending', 'Address': '876 Pine St', 'Address 2': '', 'City': 'Techtown', 'State': 'TX', 'Country': 'United States', 'Zip': '23456', 'Available Date': '2024-01-15', 'Website Url': 'https://www.justinkim.com', 'Linkedin Url': 'https://www.linkedin.com/in/justinkim', 'Twitter Username': '@justinkim', 'Education Level': "Bachelor's Degree", 'Education Institution Name': 'Computer Science Institute', 'Gender': 'Male', 'Ethnicity': 'Asian', 'Disability': '', 'Veteran Status': '', 'Application Date': '2024-01-01 09:45:00', 'Desired Salary': '85000', 'Referred By': 'Employee referral', 'References': 'Available upon request', 'Source': 'RecruiterQRS', 'Resume File Id': '17', 'Cover Letter File Id': '', 'Resume File': 'Justin_Kim_Resume.pdf', 'Cover Letter File': '', 'Offer Letter File': ''}
2024-02-01 19:56:40,665 - INFO - Processed row #18: {'Candidate Id': '18', 'First Name': 'Grace', 'Last Name': 'Li', 'Email': 'grace.li@email.com', 'Phone': '222-333-4444', 'Position': 'Data Architect', 'Status': 'Rejected', 'Address': '', 'Address 2': '', 'City': 'Dataville', 'State': 'NY', 'Country': 'United States', 'Zip': '56789', 'Available Date': '2024-01-01', 'Website Url': 'https://www.graceli.com', 'Linkedin Url': 'https://www.linkedin.com/in/graceli', 'Twitter Username': '@graceli', 'Education Level': "Bachelor's Degree", 'Education Institution Name': 'Data University', 'Gender': 'Female', 'Ethnicity': 'Asian', 'Disability': '', 'Veteran Status': '', 'Application Date': '2023-05-15 16:00:00', 'Desired Salary': '60000', 'Referred By': 'Job board', 'References': 'Previous colleague', 'Source': 'RecruiterTUV', 'Resume File Id': '18', 'Cover Letter File Id': '', 'Resume File': 'Grace_Li_Resume.pdf', 'Cover Letter File': '', 'Offer Letter File': ''}
2024-02-01 19:56:40,666 - INFO - Processed row #19: {'Candidate Id': '19', 'First Name': 'Christopher', 'Last Name': 'Brown', 'Email': 'christopher.brown@email.com', 'Phone': '888-999-0000', 'Position': 'Data Architect', 'Status': 'Pending', 'Address': '', 'Address 2': '', 'City': 'Marketcity', 'State': 'CA', 'Country': 'United States', 'Zip': '12345', 'Available Date': '', 'Website Url': '', 'Linkedin Url': 'https://www.linkedin.com/in/christopherbrown', 'Twitter Username': '@christopherbrown', 'Education Level': "Master's Degree", 'Education Institution Name': 'Marketing Institute', 'Gender': 'Male', 'Ethnicity': 'African American', 'Disability': '', 'Veteran Status': '', 'Application Date': '2023-06-01 11:00:00', 'Desired Salary': '70000', 'Referred By': 'Employee referral', 'References': 'Available upon request', 'Source': 'RecruiterWXY', 'Resume File Id': '19', 'Cover Letter File Id': '20', 'Resume File': 'Christopher_Brown_Resume.pdf', 'Cover Letter File': 'Christopher_Brown_Cover_Letter.pdf', 'Offer Letter File': '', None: ['']}
2024-02-01 19:56:40,666 - INFO - Processed row #20: {'Candidate Id': '20', 'First Name': 'Isabella', 'Last Name': 'Wang', 'Email': 'isabella.wang@email.com', 'Phone': '333-444-5555', 'Position': 'Data Architect', 'Status': 'Offer Extended', 'Address': '876 Oak St', 'Address 2': '', 'City': 'Codeville', 'State': 'TX', 'Country': 'United States', 'Zip': '45678', 'Available Date': '2024-01-15', 'Website Url': 'https://www.isabellawang.com', 'Linkedin Url': 'https://www.linkedin.com/in/isabellawang', 'Twitter Username': '@isabellawang', 'Education Level': "Bachelor's Degree", 'Education Institution Name': 'Computer Science Institute', 'Gender': 'Female', 'Ethnicity': 'Asian', 'Disability': '', 'Veteran Status': '', 'Application Date': '2024-01-01 14:30:00', 'Desired Salary': '90000', 'Referred By': 'Job board', 'References': 'Previous employer', 'Source': 'RecruiterZAB', 'Resume File Id': '20', 'Cover Letter File Id': '21', 'Resume File': 'Isabella_Wang_Resume.pdf', 'Cover Letter File': 'Isabella_Wang_Cover_Letter.pdf', 'Offer Letter File': '', None: ['']}
2024-02-01 19:56:40,666 - INFO - Processed row #21: {'Candidate Id': '21', 'First Name': 'Justin', 'Last Name': 'Johnson', 'Email': 'justin.kim@email.com', 'Phone': '555-666-7777', 'Position': 'Data Architect', 'Status': 'Pending', 'Address': '987 Pine St', 'Address 2': '', 'City': 'Dataville', 'State': 'CA', 'Country': 'United States', 'Zip': '23456', 'Available Date': '2024-01-01', 'Website Url': 'https://www.marcusjohnson.com', 'Linkedin Url': 'https://www.linkedin.com/in/marcusjohnson', 'Twitter Username': '@marcusjohnson', 'Education Level': "Master's Degree", 'Education Institution Name': 'Engineering College', 'Gender': 'Male', 'Ethnicity': 'African American', 'Disability': '', 'Veteran Status': '', 'Application Date': '2024-01-10 09:45:00', 'Desired Salary': '80000', 'Referred By': 'Employee referral', 'References': 'Available upon request', 'Source': 'RecruiterBCD', 'Resume File Id': '21', 'Cover Letter File Id': '', 'Resume File': 'Marcus_Johnson_Resume.pdf', 'Cover Letter File': '', 'Offer Letter File': ''}
2024-02-01 19:56:40,666 - INFO - Processed row #22: {'Candidate Id': '22', 'First Name': 'Sophia', 'Last Name': 'Lee', 'Email': 'sophia.lee@email.com', 'Phone': '222-333-4444', 'Position': 'Data Architect', 'Status': 'Rejected', 'Address': '', 'Address 2': '', 'City': 'Marketcity', 'State': 'CA', 'Country': 'United States', 'Zip': '12345', 'Available Date': '', 'Website Url': '', 'Linkedin Url': 'https://www.linkedin.com/in/sophialee', 'Twitter Username': '@sophialee', 'Education Level': "Bachelor's Degree", 'Education Institution Name': 'Marketing Institute', 'Gender': 'Female', 'Ethnicity': 'Asian', 'Disability': '', 'Veteran Status': '', 'Application Date': '2024-01-15 14:00:00', 'Desired Salary': '75000', 'Referred By': 'Job board', 'References': 'Previous colleague', 'Source': 'RecruiterEFG', 'Resume File Id': '22', 'Cover Letter File Id': '23', 'Resume File': 'Sophia_Lee_Resume.pdf', 'Cover Letter File': 'Sophia_Lee_Cover_Letter.pdf', 'Offer Letter File': '', None: ['']}
2024-02-01 19:56:40,666 - INFO - Data import completed.
2024-02-01 19:56:41,787 - INFO - Creating job objects from given data
2024-02-01 19:56:41,788 - INFO - {'title': 'Data Architect', 'shortcode': 'F8D1EA3849'}
2024-02-01 19:56:41,788 - INFO - {'title': 'Senior Data Architect', 'shortcode': '12B9E154AC'}
2024-02-01 19:56:41,788 - INFO - {'title': 'Data Analyst', 'shortcode': 'E0DFE0E0D6'}
2024-02-01 19:56:41,788 - INFO - {'title': 'Product Manager', 'shortcode': 'A2665726F4'}
2024-02-01 19:56:41,789 - INFO - Creating candidate objects from given data
2024-02-01 19:56:41,789 - INFO - Candidate: John Doe
2024-02-01 19:56:41,789 - INFO - Candidate: Jane Smith
2024-02-01 19:56:41,789 - INFO - Candidate: Michael Jones
2024-02-01 19:56:41,789 - INFO - Candidate: Sarah Clark
2024-02-01 19:56:41,789 - INFO - Candidate: Chris Nguyen
2024-02-01 19:56:41,789 - INFO - Candidate: Emily Kim
2024-02-01 19:56:41,789 - INFO - Candidate: Aaron Lee
2024-02-01 19:56:41,789 - INFO - Candidate: Olivia Evans
2024-02-01 19:56:41,789 - INFO - Candidate: James Miller
2024-02-01 19:56:41,789 - INFO - Candidate: Lily Chen
2024-02-01 19:56:41,789 - INFO - Candidate: David Johnson
2024-02-01 19:56:41,790 - INFO - Candidate: Amy Williams
2024-02-01 19:56:41,790 - INFO - Candidate: Robert Lee
2024-02-01 19:56:41,790 - INFO - Candidate: Michelle Nguyen
2024-02-01 19:56:41,790 - INFO - Candidate: Andrew Smith
2024-02-01 19:56:41,790 - INFO - Candidate: Karen Johnson
2024-02-01 19:56:41,790 - INFO - Candidate: Justin Kim
2024-02-01 19:56:41,790 - INFO - Candidate: Grace Li
2024-02-01 19:56:41,790 - INFO - Candidate: Christopher Brown
2024-02-01 19:56:41,790 - INFO - Candidate: Isabella Wang
2024-02-01 19:56:41,790 - INFO - Candidate: Justin Johnson
2024-02-01 19:56:41,790 - INFO - Candidate: Sophia Lee
2024-02-01 19:56:46,897 - INFO - {
    "status": "created",
    "candidate": {
        "id": "13447688",
        "name": "John Doe",
        "firstname": null,
        "lastname": null,
        "headline": null,
        "image_url": null,
        "account": {
            "subdomain": "assignmentcorporate",
            "name": "AssignmentCorporate"
        },
        "job": {
            "shortcode": "F8D1EA3849",
            "title": "Data Architect"
        },
        "stage": "Applied",
        "disqualified": false,
        "disqualified_at": null,
        "disqualification_reason": null,
        "hired_at": null,
        "sourced": false,
        "profile_url": "https://assignmentcorporate.workable.com/backend/jobs/3723929/candidates/323252662",
        "address": "123 Main St, Anytown, CA, United States, 12345",
        "phone": "123-456-7890",
        "email": "jdo_john.doe@email555.com",
        "outbound_mailbox": "4e40ndkfs0mo@outbound.workablemail.com",
        "domain": "Employee referral",
        "uploader_id": null,
        "created_at": "2024-02-01T17:56:48Z",
        "updated_at": "2024-02-01T17:56:48Z",
        "cover_letter": null,
        "summary": null,
        "education_entries": [],
        "experience_entries": [],
        "skills": [],
        "answers": [],
        "resume_url": null,
        "tags": [],
        "location": {
            "location_str": null,
            "country": null,
            "country_code": null,
            "region": null,
            "region_code": null,
            "city": null,
            "zip_code": null
        },
        "originating_candidate_id": null
    }
}
2024-02-01 19:56:46,898 - INFO - Candidate ID: 13447688
2024-02-01 19:56:46,898 - INFO - Candidate Name: John Doe
2024-02-01 19:56:46,898 - INFO - Candidate John Doe imported successfully!
2024-02-01 19:56:46,898 - INFO - Response: <bound method CandidateResponseDTO.to_json of <dto.candidate_response_dto.CandidateResponseDTO object at 0x000002597FB9C580>>
2024-02-01 19:56:51,589 - INFO - {
    "status": "created",
    "candidate": {
        "id": "1344769a",
        "name": "Jane Smith",
        "firstname": null,
        "lastname": null,
        "headline": null,
        "image_url": null,
        "account": {
            "subdomain": "assignmentcorporate",
            "name": "AssignmentCorporate"
        },
        "job": {
            "shortcode": "F8D1EA3849",
            "title": "Data Architect"
        },
        "stage": "Applied",
        "disqualified": false,
        "disqualified_at": null,
        "disqualification_reason": null,
        "hired_at": null,
        "sourced": false,
        "profile_url": "https://assignmentcorporate.workable.com/backend/jobs/3723929/candidates/323252680",
        "address": "456 Oak St, Someville, NY, United States, 56789",
        "phone": "987-654-3210",
        "email": "jsm_jane.smith@email555.com",
        "outbound_mailbox": "4e40vctnu4gk@outbound.workablemail.com",
        "domain": "Job board",
        "uploader_id": null,
        "created_at": "2024-02-01T17:56:52Z",
        "updated_at": "2024-02-01T17:56:52Z",
        "cover_letter": null,
        "summary": null,
        "education_entries": [],
        "experience_entries": [],
        "skills": [],
        "answers": [],
        "resume_url": null,
        "tags": [],
        "location": {
            "location_str": null,
            "country": null,
            "country_code": null,
            "region": null,
            "region_code": null,
            "city": null,
            "zip_code": null
        },
        "originating_candidate_id": null
    }
}
2024-02-01 19:56:51,590 - INFO - Candidate ID: 1344769a
2024-02-01 19:56:51,590 - INFO - Candidate Name: Jane Smith
2024-02-01 19:56:51,590 - INFO - Candidate Jane Smith imported successfully!
2024-02-01 19:56:51,590 - INFO - Response: <bound method CandidateResponseDTO.to_json of <dto.candidate_response_dto.CandidateResponseDTO object at 0x000002597FB9C4F0>>
2024-02-01 19:56:57,451 - INFO - {
    "status": "created",
    "candidate": {
        "id": "134476b4",
        "name": "Michael Jones",
        "firstname": null,
        "lastname": null,
        "headline": null,
        "image_url": null,
        "account": {
            "subdomain": "assignmentcorporate",
            "name": "AssignmentCorporate"
        },
        "job": {
            "shortcode": "F8D1EA3849",
            "title": "Data Architect"
        },
        "stage": "Applied",
        "disqualified": false,
        "disqualified_at": null,
        "disqualification_reason": null,
        "hired_at": null,
        "sourced": false,
        "profile_url": "https://assignmentcorporate.workable.com/backend/jobs/3723929/candidates/323252706",
        "address": "789 Pine St, Sometown, TX, United States, 67890",
        "phone": "555-123-4567",
        "email": "mjo_michael.jones@email555.com",
        "outbound_mailbox": "4e40mg6rerfs@outbound.workablemail.com",
        "domain": "Employee referral",
        "uploader_id": null,
        "created_at": "2024-02-01T17:56:58Z",
        "updated_at": "2024-02-01T17:56:58Z",
        "cover_letter": null,
        "summary": null,
        "education_entries": [],
        "experience_entries": [],
        "skills": [],
        "answers": [],
        "resume_url": null,
        "tags": [],
        "location": {
            "location_str": null,
            "country": null,
            "country_code": null,
            "region": null,
            "region_code": null,
            "city": null,
            "zip_code": null
        },
        "originating_candidate_id": null
    }
}
2024-02-01 19:56:57,451 - INFO - Candidate ID: 134476b4
2024-02-01 19:56:57,451 - INFO - Candidate Name: Michael Jones
2024-02-01 19:56:57,451 - INFO - Candidate Michael Jones imported successfully!
2024-02-01 19:56:57,452 - INFO - Response: <bound method CandidateResponseDTO.to_json of <dto.candidate_response_dto.CandidateResponseDTO object at 0x000002597FB9CE80>>
2024-02-01 19:56:58,403 - INFO - {
    "status": "created",
    "candidate": {
        "id": "134476b7",
        "name": "Sarah Clark",
        "firstname": null,
        "lastname": null,
        "headline": null,
        "image_url": null,
        "account": {
            "subdomain": "assignmentcorporate",
            "name": "AssignmentCorporate"
        },
        "job": {
            "shortcode": "F8D1EA3849",
            "title": "Data Architect"
        },
        "stage": "Applied",
        "disqualified": true,
        "disqualified_at": "2024-02-01T17:56:59.510Z",
        "disqualification_reason": null,
        "hired_at": null,
        "sourced": false,
        "profile_url": "https://assignmentcorporate.workable.com/backend/jobs/3723929/candidates/323252709",
        "address": "Metroville, CA, United States, 54321",
        "phone": "111-222-3333",
        "email": "scl_sarah.clark@email555.com",
        "outbound_mailbox": "4e40wf5zlcef@outbound.workablemail.com",
        "domain": "Job board",
        "uploader_id": null,
        "created_at": "2024-02-01T17:56:59Z",
        "updated_at": "2024-02-01T17:56:59Z",
        "cover_letter": null,
        "summary": null,
        "education_entries": [],
        "experience_entries": [],
        "skills": [],
        "answers": [],
        "resume_url": null,
        "tags": [],
        "location": {
            "location_str": null,
            "country": null,
            "country_code": null,
            "region": null,
            "region_code": null,
            "city": null,
            "zip_code": null
        },
        "originating_candidate_id": null
    }
}
2024-02-01 19:56:58,404 - INFO - Candidate ID: 134476b7
2024-02-01 19:56:58,404 - INFO - Candidate Name: Sarah Clark
2024-02-01 19:56:58,404 - INFO - Candidate Sarah Clark imported successfully!
2024-02-01 19:56:58,404 - INFO - Response: <bound method CandidateResponseDTO.to_json of <dto.candidate_response_dto.CandidateResponseDTO object at 0x000002597FB9D780>>
2024-02-01 19:56:59,357 - INFO - {
    "status": "created",
    "candidate": {
        "id": "134476bc",
        "name": "Chris Nguyen",
        "firstname": null,
        "lastname": null,
        "headline": null,
        "image_url": null,
        "account": {
            "subdomain": "assignmentcorporate",
            "name": "AssignmentCorporate"
        },
        "job": {
            "shortcode": "F8D1EA3849",
            "title": "Data Architect"
        },
        "stage": "Applied",
        "disqualified": false,
        "disqualified_at": null,
        "disqualification_reason": null,
        "hired_at": null,
        "sourced": false,
        "profile_url": "https://assignmentcorporate.workable.com/backend/jobs/3723929/candidates/323252714",
        "address": "987 Elm St, Cityville, NY, United States, 45678",
        "phone": "999-888-7777",
        "email": "cng_chris.nguyen@email555.com",
        "outbound_mailbox": "4e402uua7i_x@outbound.workablemail.com",
        "domain": "Employee referral",
        "uploader_id": null,
        "created_at": "2024-02-01T17:57:00Z",
        "updated_at": "2024-02-01T17:57:00Z",
        "cover_letter": null,
        "summary": null,
        "education_entries": [],
        "experience_entries": [],
        "skills": [],
        "answers": [],
        "resume_url": null,
        "tags": [],
        "location": {
            "location_str": null,
            "country": null,
            "country_code": null,
            "region": null,
            "region_code": null,
            "city": null,
            "zip_code": null
        },
        "originating_candidate_id": null
    }
}
2024-02-01 19:56:59,360 - INFO - Candidate ID: 134476bc
2024-02-01 19:56:59,360 - INFO - Candidate Name: Chris Nguyen
2024-02-01 19:56:59,360 - INFO - Candidate Chris Nguyen imported successfully!
2024-02-01 19:56:59,360 - INFO - Response: <bound method CandidateResponseDTO.to_json of <dto.candidate_response_dto.CandidateResponseDTO object at 0x000002597FB9E050>>
2024-02-01 19:57:00,327 - INFO - {
    "status": "created",
    "candidate": {
        "id": "134476bf",
        "name": "Emily Kim",
        "firstname": null,
        "lastname": null,
        "headline": null,
        "image_url": null,
        "account": {
            "subdomain": "assignmentcorporate",
            "name": "AssignmentCorporate"
        },
        "job": {
            "shortcode": "F8D1EA3849",
            "title": "Data Architect"
        },
        "stage": "Applied",
        "disqualified": false,
        "disqualified_at": null,
        "disqualification_reason": null,
        "hired_at": null,
        "sourced": false,
        "profile_url": "https://assignmentcorporate.workable.com/backend/jobs/3723929/candidates/323252717",
        "address": "654 Birch St, Townsville, TX, United States, 34567",
        "phone": "444-555-6666",
        "email": "eki_emily.kim@email555.com",
        "outbound_mailbox": "4e40bah5khrr@outbound.workablemail.com",
        "domain": "Job board",
        "uploader_id": null,
        "created_at": "2024-02-01T17:57:01Z",
        "updated_at": "2024-02-01T17:57:01Z",
        "cover_letter": null,
        "summary": null,
        "education_entries": [],
        "experience_entries": [],
        "skills": [],
        "answers": [],
        "resume_url": null,
        "tags": [],
        "location": {
            "location_str": null,
            "country": null,
            "country_code": null,
            "region": null,
            "region_code": null,
            "city": null,
            "zip_code": null
        },
        "originating_candidate_id": null
    }
}
2024-02-01 19:57:00,329 - INFO - Candidate ID: 134476bf
2024-02-01 19:57:00,329 - INFO - Candidate Name: Emily Kim
2024-02-01 19:57:00,329 - INFO - Candidate Emily Kim imported successfully!
2024-02-01 19:57:00,329 - INFO - Response: <bound method CandidateResponseDTO.to_json of <dto.candidate_response_dto.CandidateResponseDTO object at 0x000002597FB9E920>>
2024-02-01 19:57:08,604 - INFO - {
    "status": "created",
    "candidate": {
        "id": "134476dd",
        "name": "Aaron Lee",
        "firstname": null,
        "lastname": null,
        "headline": null,
        "image_url": null,
        "account": {
            "subdomain": "assignmentcorporate",
            "name": "AssignmentCorporate"
        },
        "job": {
            "shortcode": "F8D1EA3849",
            "title": "Data Architect"
        },
        "stage": "Applied",
        "disqualified": false,
        "disqualified_at": null,
        "disqualification_reason": null,
        "hired_at": null,
        "sourced": false,
        "profile_url": "https://assignmentcorporate.workable.com/backend/jobs/3723929/candidates/323252747",
        "address": "789 Maple St, Villagetown, CA, United States, 23456",
        "phone": "777-666-5555",
        "email": "ale_aaron.lee@email555.com",
        "outbound_mailbox": "4e40wcj-bshy@outbound.workablemail.com",
        "domain": "Employee referral",
        "uploader_id": null,
        "created_at": "2024-02-01T17:57:09Z",
        "updated_at": "2024-02-01T17:57:09Z",
        "cover_letter": null,
        "summary": null,
        "education_entries": [],
        "experience_entries": [],
        "skills": [],
        "answers": [],
        "resume_url": null,
        "tags": [],
        "location": {
            "location_str": null,
            "country": null,
            "country_code": null,
            "region": null,
            "region_code": null,
            "city": null,
            "zip_code": null
        },
        "originating_candidate_id": null
    }
}
2024-02-01 19:57:08,611 - INFO - Candidate ID: 134476dd
2024-02-01 19:57:08,612 - INFO - Candidate Name: Aaron Lee
2024-02-01 19:57:08,612 - INFO - Candidate Aaron Lee imported successfully!
2024-02-01 19:57:08,612 - INFO - Response: <bound method CandidateResponseDTO.to_json of <dto.candidate_response_dto.CandidateResponseDTO object at 0x000002597FB9F1F0>>
2024-02-01 19:57:09,738 - INFO - {
    "status": "created",
    "candidate": {
        "id": "134476e3",
        "name": "Olivia Evans",
        "firstname": null,
        "lastname": null,
        "headline": null,
        "image_url": null,
        "account": {
            "subdomain": "assignmentcorporate",
            "name": "AssignmentCorporate"
        },
        "job": {
            "shortcode": "F8D1EA3849",
            "title": "Data Architect"
        },
        "stage": "Applied",
        "disqualified": false,
        "disqualified_at": null,
        "disqualification_reason": null,
        "hired_at": null,
        "sourced": false,
        "profile_url": "https://assignmentcorporate.workable.com/backend/jobs/3723929/candidates/323252753",
        "address": "Hometown, NY, United States, 12345",
        "phone": "222-333-4444",
        "email": "oev_olivia.evans@email555.com",
        "outbound_mailbox": "4e40yoczmecn@outbound.workablemail.com",
        "domain": "Job board",
        "uploader_id": null,
        "created_at": "2024-02-01T17:57:10Z",
        "updated_at": "2024-02-01T17:57:10Z",
        "cover_letter": null,
        "summary": null,
        "education_entries": [],
        "experience_entries": [],
        "skills": [],
        "answers": [],
        "resume_url": null,
        "tags": [],
        "location": {
            "location_str": null,
            "country": null,
            "country_code": null,
            "region": null,
            "region_code": null,
            "city": null,
            "zip_code": null
        },
        "originating_candidate_id": null
    }
}
2024-02-01 19:57:09,741 - INFO - Candidate ID: 134476e3
2024-02-01 19:57:09,742 - INFO - Candidate Name: Olivia Evans
2024-02-01 19:57:09,742 - INFO - Candidate Olivia Evans imported successfully!
2024-02-01 19:57:09,742 - INFO - Response: <bound method CandidateResponseDTO.to_json of <dto.candidate_response_dto.CandidateResponseDTO object at 0x000002597FB9FAC0>>
2024-02-01 19:57:11,562 - INFO - {
    "status": "created",
    "candidate": {
        "id": "134476e9",
        "name": "James Miller",
        "firstname": null,
        "lastname": null,
        "headline": null,
        "image_url": null,
        "account": {
            "subdomain": "assignmentcorporate",
            "name": "AssignmentCorporate"
        },
        "job": {
            "shortcode": "F8D1EA3849",
            "title": "Data Architect"
        },
        "stage": "Applied",
        "disqualified": true,
        "disqualified_at": "2024-02-01T17:57:12.677Z",
        "disqualification_reason": null,
        "hired_at": null,
        "sourced": false,
        "profile_url": "https://assignmentcorporate.workable.com/backend/jobs/3723929/candidates/323252759",
        "address": "Techcity, TX, United States, 56789",
        "phone": "888-999-0000",
        "email": "jmi_james.miller@email555.com",
        "outbound_mailbox": "4e40ncuvszgv@outbound.workablemail.com",
        "domain": "Employee referral",
        "uploader_id": null,
        "created_at": "2024-02-01T17:57:12Z",
        "updated_at": "2024-02-01T17:57:12Z",
        "cover_letter": null,
        "summary": null,
        "education_entries": [],
        "experience_entries": [],
        "skills": [],
        "answers": [],
        "resume_url": null,
        "tags": [],
        "location": {
            "location_str": null,
            "country": null,
            "country_code": null,
            "region": null,
            "region_code": null,
            "city": null,
            "zip_code": null
        },
        "originating_candidate_id": null
    }
}
2024-02-01 19:57:11,564 - INFO - Candidate ID: 134476e9
2024-02-01 19:57:11,564 - INFO - Candidate Name: James Miller
2024-02-01 19:57:11,564 - INFO - Candidate James Miller imported successfully!
2024-02-01 19:57:11,564 - INFO - Response: <bound method CandidateResponseDTO.to_json of <dto.candidate_response_dto.CandidateResponseDTO object at 0x000002597FB9F460>>
2024-02-01 19:57:12,561 - INFO - {
    "status": "created",
    "candidate": {
        "id": "134476f0",
        "name": "Lily Chen",
        "firstname": null,
        "lastname": null,
        "headline": null,
        "image_url": null,
        "account": {
            "subdomain": "assignmentcorporate",
            "name": "AssignmentCorporate"
        },
        "job": {
            "shortcode": "F8D1EA3849",
            "title": "Data Architect"
        },
        "stage": "Applied",
        "disqualified": false,
        "disqualified_at": null,
        "disqualification_reason": null,
        "hired_at": null,
        "sourced": false,
        "profile_url": "https://assignmentcorporate.workable.com/backend/jobs/3723929/candidates/323252766",
        "address": "876 Pine St, Artstown, CA, United States, 45678",
        "phone": "333-444-5555",
        "email": "lch_lily.chen@email555.com",
        "outbound_mailbox": "4e40wgltg-gh@outbound.workablemail.com",
        "domain": "Job board",
        "uploader_id": null,
        "created_at": "2024-02-01T17:57:13Z",
        "updated_at": "2024-02-01T17:57:13Z",
        "cover_letter": null,
        "summary": null,
        "education_entries": [],
        "experience_entries": [],
        "skills": [],
        "answers": [],
        "resume_url": null,
        "tags": [],
        "location": {
            "location_str": null,
            "country": null,
            "country_code": null,
            "region": null,
            "region_code": null,
            "city": null,
            "zip_code": null
        },
        "originating_candidate_id": null
    }
}
2024-02-01 19:57:12,564 - INFO - Candidate ID: 134476f0
2024-02-01 19:57:12,564 - INFO - Candidate Name: Lily Chen
2024-02-01 19:57:12,565 - INFO - Candidate Lily Chen imported successfully!
2024-02-01 19:57:12,565 - INFO - Response: <bound method CandidateResponseDTO.to_json of <dto.candidate_response_dto.CandidateResponseDTO object at 0x000002597FB9EE60>>
2024-02-01 19:57:13,450 - INFO - {
    "status": "created",
    "candidate": {
        "id": "134476f5",
        "name": "David Johnson",
        "firstname": null,
        "lastname": null,
        "headline": null,
        "image_url": null,
        "account": {
            "subdomain": "assignmentcorporate",
            "name": "AssignmentCorporate"
        },
        "job": {
            "shortcode": "F8D1EA3849",
            "title": "Data Architect"
        },
        "stage": "Applied",
        "disqualified": false,
        "disqualified_at": null,
        "disqualification_reason": null,
        "hired_at": null,
        "sourced": false,
        "profile_url": "https://assignmentcorporate.workable.com/backend/jobs/3723929/candidates/323252771",
        "address": "567 Oak St, Techville, CA, United States, 34567",
        "phone": "123-234-5678",
        "email": "djo_david.johnson@email555.com",
        "outbound_mailbox": "4e40gkjmelir@outbound.workablemail.com",
        "domain": "Employee referral",
        "uploader_id": null,
        "created_at": "2024-02-01T17:57:14Z",
        "updated_at": "2024-02-01T17:57:14Z",
        "cover_letter": null,
        "summary": null,
        "education_entries": [],
        "experience_entries": [],
        "skills": [],
        "answers": [],
        "resume_url": null,
        "tags": [],
        "location": {
            "location_str": null,
            "country": null,
            "country_code": null,
            "region": null,
            "region_code": null,
            "city": null,
            "zip_code": null
        },
        "originating_candidate_id": null
    }
}
2024-02-01 19:57:13,453 - INFO - Candidate ID: 134476f5
2024-02-01 19:57:13,453 - INFO - Candidate Name: David Johnson
2024-02-01 19:57:13,453 - INFO - Candidate David Johnson imported successfully!
2024-02-01 19:57:13,453 - INFO - Response: <bound method CandidateResponseDTO.to_json of <dto.candidate_response_dto.CandidateResponseDTO object at 0x000002597FB9E530>>
2024-02-01 19:57:14,336 - INFO - {
    "status": "created",
    "candidate": {
        "id": "134476f9",
        "name": "Amy Williams",
        "firstname": null,
        "lastname": null,
        "headline": null,
        "image_url": null,
        "account": {
            "subdomain": "assignmentcorporate",
            "name": "AssignmentCorporate"
        },
        "job": {
            "shortcode": "F8D1EA3849",
            "title": "Data Architect"
        },
        "stage": "Applied",
        "disqualified": false,
        "disqualified_at": null,
        "disqualification_reason": null,
        "hired_at": null,
        "sourced": false,
        "profile_url": "https://assignmentcorporate.workable.com/backend/jobs/3723929/candidates/323252775",
        "address": "987 Maple St, Greetown, NY, United States, 56789",
        "phone": "555-666-7777",
        "email": "awi_amy.williams@email555.com",
        "outbound_mailbox": "4e40qy-wrcsn@outbound.workablemail.com",
        "domain": "Job board",
        "uploader_id": null,
        "created_at": "2024-02-01T17:57:15Z",
        "updated_at": "2024-02-01T17:57:15Z",
        "cover_letter": null,
        "summary": null,
        "education_entries": [],
        "experience_entries": [],
        "skills": [],
        "answers": [],
        "resume_url": null,
        "tags": [],
        "location": {
            "location_str": null,
            "country": null,
            "country_code": null,
            "region": null,
            "region_code": null,
            "city": null,
            "zip_code": null
        },
        "originating_candidate_id": null
    }
}
2024-02-01 19:57:14,346 - INFO - Candidate ID: 134476f9
2024-02-01 19:57:14,346 - INFO - Candidate Name: Amy Williams
2024-02-01 19:57:14,346 - INFO - Candidate Amy Williams imported successfully!
2024-02-01 19:57:14,346 - INFO - Response: <bound method CandidateResponseDTO.to_json of <dto.candidate_response_dto.CandidateResponseDTO object at 0x000002597FB9D2A0>>
2024-02-01 19:57:20,418 - INFO - {
    "status": "created",
    "candidate": {
        "id": "13447709",
        "name": "Robert Lee",
        "firstname": null,
        "lastname": null,
        "headline": null,
        "image_url": null,
        "account": {
            "subdomain": "assignmentcorporate",
            "name": "AssignmentCorporate"
        },
        "job": {
            "shortcode": "F8D1EA3849",
            "title": "Data Architect"
        },
        "stage": "Applied",
        "disqualified": true,
        "disqualified_at": "2024-02-01T17:57:21.482Z",
        "disqualification_reason": null,
        "hired_at": null,
        "sourced": false,
        "profile_url": "https://assignmentcorporate.workable.com/backend/jobs/3723929/candidates/323252791",
        "address": "Marketingtown, CA, United States, 43210",
        "phone": "333-222-1111",
        "email": "rle_robert.lee@email555.com",
        "outbound_mailbox": "4e40-da3hbfr@outbound.workablemail.com",
        "domain": "Employee referral",
        "uploader_id": null,
        "created_at": "2024-02-01T17:57:21Z",
        "updated_at": "2024-02-01T17:57:21Z",
        "cover_letter": null,
        "summary": null,
        "education_entries": [],
        "experience_entries": [],
        "skills": [],
        "answers": [],
        "resume_url": null,
        "tags": [],
        "location": {
            "location_str": null,
            "country": null,
            "country_code": null,
            "region": null,
            "region_code": null,
            "city": null,
            "zip_code": null
        },
        "originating_candidate_id": null
    }
}
2024-02-01 19:57:20,420 - INFO - Candidate ID: 13447709
2024-02-01 19:57:20,421 - INFO - Candidate Name: Robert Lee
2024-02-01 19:57:20,421 - INFO - Candidate Robert Lee imported successfully!
2024-02-01 19:57:20,422 - INFO - Response: <bound method CandidateResponseDTO.to_json of <dto.candidate_response_dto.CandidateResponseDTO object at 0x000002597FB9CF10>>
2024-02-01 19:57:21,519 - INFO - {
    "status": "created",
    "candidate": {
        "id": "1344770c",
        "name": "Michelle Nguyen",
        "firstname": null,
        "lastname": null,
        "headline": null,
        "image_url": null,
        "account": {
            "subdomain": "assignmentcorporate",
            "name": "AssignmentCorporate"
        },
        "job": {
            "shortcode": "F8D1EA3849",
            "title": "Data Architect"
        },
        "stage": "Applied",
        "disqualified": false,
        "disqualified_at": null,
        "disqualification_reason": null,
        "hired_at": null,
        "sourced": false,
        "profile_url": "https://assignmentcorporate.workable.com/backend/jobs/3723929/candidates/323252794",
        "address": "876 Oak St, Codecity, TX, United States, 34567",
        "phone": "777-888-9999",
        "email": "mng_michelle.nguyen@email555.com",
        "outbound_mailbox": "4e40ovm2vcmv@outbound.workablemail.com",
        "domain": "Job board",
        "uploader_id": null,
        "created_at": "2024-02-01T17:57:22Z",
        "updated_at": "2024-02-01T17:57:22Z",
        "cover_letter": null,
        "summary": null,
        "education_entries": [],
        "experience_entries": [],
        "skills": [],
        "answers": [],
        "resume_url": null,
        "tags": [],
        "location": {
            "location_str": null,
            "country": null,
            "country_code": null,
            "region": null,
            "region_code": null,
            "city": null,
            "zip_code": null
        },
        "originating_candidate_id": null
    }
}
2024-02-01 19:57:21,522 - INFO - Candidate ID: 1344770c
2024-02-01 19:57:21,522 - INFO - Candidate Name: Michelle Nguyen
2024-02-01 19:57:21,522 - INFO - Candidate Michelle Nguyen imported successfully!
2024-02-01 19:57:21,523 - INFO - Response: <bound method CandidateResponseDTO.to_json of <dto.candidate_response_dto.CandidateResponseDTO object at 0x000002597FB9C6A0>>
2024-02-01 19:57:22,654 - INFO - {
    "status": "created",
    "candidate": {
        "id": "13447712",
        "name": "Andrew Smith",
        "firstname": null,
        "lastname": null,
        "headline": null,
        "image_url": null,
        "account": {
            "subdomain": "assignmentcorporate",
            "name": "AssignmentCorporate"
        },
        "job": {
            "shortcode": "F8D1EA3849",
            "title": "Data Architect"
        },
        "stage": "Applied",
        "disqualified": false,
        "disqualified_at": null,
        "disqualification_reason": null,
        "hired_at": null,
        "sourced": false,
        "profile_url": "https://assignmentcorporate.workable.com/backend/jobs/3723929/candidates/323252800",
        "address": "789 Birch St, Datatown, NY, United States, 12345",
        "phone": "111-222-3333",
        "email": "asm_andrew.smith@email555.com",
        "outbound_mailbox": "4e40njunwiwi@outbound.workablemail.com",
        "domain": "Employee referral",
        "uploader_id": null,
        "created_at": "2024-02-01T17:57:23Z",
        "updated_at": "2024-02-01T17:57:23Z",
        "cover_letter": null,
        "summary": null,
        "education_entries": [],
        "experience_entries": [],
        "skills": [],
        "answers": [],
        "resume_url": null,
        "tags": [],
        "location": {
            "location_str": null,
            "country": null,
            "country_code": null,
            "region": null,
            "region_code": null,
            "city": null,
            "zip_code": null
        },
        "originating_candidate_id": null
    }
}
2024-02-01 19:57:22,656 - INFO - Candidate ID: 13447712
2024-02-01 19:57:22,656 - INFO - Candidate Name: Andrew Smith
2024-02-01 19:57:22,657 - INFO - Candidate Andrew Smith imported successfully!
2024-02-01 19:57:22,657 - INFO - Response: <bound method CandidateResponseDTO.to_json of <dto.candidate_response_dto.CandidateResponseDTO object at 0x000002597FB17760>>
2024-02-01 19:57:28,631 - INFO - {
    "status": "created",
    "candidate": {
        "id": "1344772b",
        "name": "Karen Johnson",
        "firstname": null,
        "lastname": null,
        "headline": null,
        "image_url": null,
        "account": {
            "subdomain": "assignmentcorporate",
            "name": "AssignmentCorporate"
        },
        "job": {
            "shortcode": "F8D1EA3849",
            "title": "Data Architect"
        },
        "stage": "Applied",
        "disqualified": false,
        "disqualified_at": null,
        "disqualification_reason": null,
        "hired_at": null,
        "sourced": false,
        "profile_url": "https://assignmentcorporate.workable.com/backend/jobs/3723929/candidates/323252825",
        "address": "654 Elm St, Marketville, CA, United States, 45678",
        "phone": "444-555-6666",
        "email": "kjo_karen.johnson@email555.com",
        "outbound_mailbox": "4e40xpkps-us@outbound.workablemail.com",
        "domain": "Job board",
        "uploader_id": null,
        "created_at": "2024-02-01T17:57:29Z",
        "updated_at": "2024-02-01T17:57:29Z",
        "cover_letter": null,
        "summary": null,
        "education_entries": [],
        "experience_entries": [],
        "skills": [],
        "answers": [],
        "resume_url": null,
        "tags": [],
        "location": {
            "location_str": null,
            "country": null,
            "country_code": null,
            "region": null,
            "region_code": null,
            "city": null,
            "zip_code": null
        },
        "originating_candidate_id": null
    }
}
2024-02-01 19:57:28,634 - INFO - Candidate ID: 1344772b
2024-02-01 19:57:28,635 - INFO - Candidate Name: Karen Johnson
2024-02-01 19:57:28,636 - INFO - Candidate Karen Johnson imported successfully!
2024-02-01 19:57:28,636 - INFO - Response: <bound method CandidateResponseDTO.to_json of <dto.candidate_response_dto.CandidateResponseDTO object at 0x000002597FBC0130>>
2024-02-01 19:57:35,127 - INFO - {
    "status": "created",
    "candidate": {
        "id": "13447747",
        "name": "Justin Kim",
        "firstname": null,
        "lastname": null,
        "headline": null,
        "image_url": null,
        "account": {
            "subdomain": "assignmentcorporate",
            "name": "AssignmentCorporate"
        },
        "job": {
            "shortcode": "F8D1EA3849",
            "title": "Data Architect"
        },
        "stage": "Applied",
        "disqualified": false,
        "disqualified_at": null,
        "disqualification_reason": null,
        "hired_at": null,
        "sourced": false,
        "profile_url": "https://assignmentcorporate.workable.com/backend/jobs/3723929/candidates/323252853",
        "address": "876 Pine St, Techtown, TX, United States, 23456",
        "phone": "999-888-7777",
        "email": "jki_justin.kim@email555.com",
        "outbound_mailbox": "4e40iuj_meqv@outbound.workablemail.com",
        "domain": "Employee referral",
        "uploader_id": null,
        "created_at": "2024-02-01T17:57:36Z",
        "updated_at": "2024-02-01T17:57:36Z",
        "cover_letter": null,
        "summary": null,
        "education_entries": [],
        "experience_entries": [],
        "skills": [],
        "answers": [],
        "resume_url": null,
        "tags": [],
        "location": {
            "location_str": null,
            "country": null,
            "country_code": null,
            "region": null,
            "region_code": null,
            "city": null,
            "zip_code": null
        },
        "originating_candidate_id": null
    }
}
2024-02-01 19:57:35,130 - INFO - Candidate ID: 13447747
2024-02-01 19:57:35,130 - INFO - Candidate Name: Justin Kim
2024-02-01 19:57:35,130 - INFO - Candidate Justin Kim imported successfully!
2024-02-01 19:57:35,130 - INFO - Response: <bound method CandidateResponseDTO.to_json of <dto.candidate_response_dto.CandidateResponseDTO object at 0x000002597FBC0A00>>
2024-02-01 19:57:36,256 - INFO - {
    "status": "created",
    "candidate": {
        "id": "1344774b",
        "name": "Grace Li",
        "firstname": null,
        "lastname": null,
        "headline": null,
        "image_url": null,
        "account": {
            "subdomain": "assignmentcorporate",
            "name": "AssignmentCorporate"
        },
        "job": {
            "shortcode": "F8D1EA3849",
            "title": "Data Architect"
        },
        "stage": "Applied",
        "disqualified": true,
        "disqualified_at": "2024-02-01T17:57:37.385Z",
        "disqualification_reason": null,
        "hired_at": null,
        "sourced": false,
        "profile_url": "https://assignmentcorporate.workable.com/backend/jobs/3723929/candidates/323252857",
        "address": "Dataville, NY, United States, 56789",
        "phone": "222-333-4444",
        "email": "gli_grace.li@email555.com",
        "outbound_mailbox": "4e40esmwif-e@outbound.workablemail.com",
        "domain": "Job board",
        "uploader_id": null,
        "created_at": "2024-02-01T17:57:37Z",
        "updated_at": "2024-02-01T17:57:37Z",
        "cover_letter": null,
        "summary": null,
        "education_entries": [],
        "experience_entries": [],
        "skills": [],
        "answers": [],
        "resume_url": null,
        "tags": [],
        "location": {
            "location_str": null,
            "country": null,
            "country_code": null,
            "region": null,
            "region_code": null,
            "city": null,
            "zip_code": null
        },
        "originating_candidate_id": null
    }
}
2024-02-01 19:57:36,258 - INFO - Candidate ID: 1344774b
2024-02-01 19:57:36,259 - INFO - Candidate Name: Grace Li
2024-02-01 19:57:36,259 - INFO - Candidate Grace Li imported successfully!
2024-02-01 19:57:36,259 - INFO - Response: <bound method CandidateResponseDTO.to_json of <dto.candidate_response_dto.CandidateResponseDTO object at 0x000002597FB17850>>
2024-02-01 19:57:37,976 - INFO - {
    "status": "created",
    "candidate": {
        "id": "13447752",
        "name": "Christopher Brown",
        "firstname": null,
        "lastname": null,
        "headline": null,
        "image_url": null,
        "account": {
            "subdomain": "assignmentcorporate",
            "name": "AssignmentCorporate"
        },
        "job": {
            "shortcode": "F8D1EA3849",
            "title": "Data Architect"
        },
        "stage": "Applied",
        "disqualified": false,
        "disqualified_at": null,
        "disqualification_reason": null,
        "hired_at": null,
        "sourced": false,
        "profile_url": "https://assignmentcorporate.workable.com/backend/jobs/3723929/candidates/323252864",
        "address": "Marketcity, CA, United States, 12345",
        "phone": "888-999-0000",
        "email": "cbr_christopher.brown@email555.com",
        "outbound_mailbox": "4e40xu3imvbu@outbound.workablemail.com",
        "domain": "Employee referral",
        "uploader_id": null,
        "created_at": "2024-02-01T17:57:39Z",
        "updated_at": "2024-02-01T17:57:39Z",
        "cover_letter": null,
        "summary": null,
        "education_entries": [],
        "experience_entries": [],
        "skills": [],
        "answers": [],
        "resume_url": null,
        "tags": [],
        "location": {
            "location_str": null,
            "country": null,
            "country_code": null,
            "region": null,
            "region_code": null,
            "city": null,
            "zip_code": null
        },
        "originating_candidate_id": null
    }
}
2024-02-01 19:57:37,980 - INFO - Candidate ID: 13447752
2024-02-01 19:57:37,980 - INFO - Candidate Name: Christopher Brown
2024-02-01 19:57:37,980 - INFO - Candidate Christopher Brown imported successfully!
2024-02-01 19:57:37,980 - INFO - Response: <bound method CandidateResponseDTO.to_json of <dto.candidate_response_dto.CandidateResponseDTO object at 0x000002597FB9C8E0>>
2024-02-01 19:57:39,287 - INFO - {
    "status": "created",
    "candidate": {
        "id": "13447759",
        "name": "Isabella Wang",
        "firstname": null,
        "lastname": null,
        "headline": null,
        "image_url": null,
        "account": {
            "subdomain": "assignmentcorporate",
            "name": "AssignmentCorporate"
        },
        "job": {
            "shortcode": "F8D1EA3849",
            "title": "Data Architect"
        },
        "stage": "Applied",
        "disqualified": false,
        "disqualified_at": null,
        "disqualification_reason": null,
        "hired_at": null,
        "sourced": false,
        "profile_url": "https://assignmentcorporate.workable.com/backend/jobs/3723929/candidates/323252871",
        "address": "876 Oak St, Codeville, TX, United States, 45678",
        "phone": "333-444-5555",
        "email": "iwa_isabella.wang@email555.com",
        "outbound_mailbox": "4e40o6yzbxe-@outbound.workablemail.com",
        "domain": "Job board",
        "uploader_id": null,
        "created_at": "2024-02-01T17:57:40Z",
        "updated_at": "2024-02-01T17:57:40Z",
        "cover_letter": null,
        "summary": null,
        "education_entries": [],
        "experience_entries": [],
        "skills": [],
        "answers": [],
        "resume_url": null,
        "tags": [],
        "location": {
            "location_str": null,
            "country": null,
            "country_code": null,
            "region": null,
            "region_code": null,
            "city": null,
            "zip_code": null
        },
        "originating_candidate_id": null
    }
}
2024-02-01 19:57:39,289 - INFO - Candidate ID: 13447759
2024-02-01 19:57:39,290 - INFO - Candidate Name: Isabella Wang
2024-02-01 19:57:39,290 - INFO - Candidate Isabella Wang imported successfully!
2024-02-01 19:57:39,290 - INFO - Response: <bound method CandidateResponseDTO.to_json of <dto.candidate_response_dto.CandidateResponseDTO object at 0x000002597FB9DE40>>
2024-02-01 19:57:41,813 - INFO - {
    "status": "created",
    "candidate": {
        "id": "13447763",
        "name": "Justin Johnson",
        "firstname": null,
        "lastname": null,
        "headline": null,
        "image_url": null,
        "account": {
            "subdomain": "assignmentcorporate",
            "name": "AssignmentCorporate"
        },
        "job": {
            "shortcode": "F8D1EA3849",
            "title": "Data Architect"
        },
        "stage": "Applied",
        "disqualified": false,
        "disqualified_at": null,
        "disqualification_reason": null,
        "hired_at": null,
        "sourced": false,
        "profile_url": "https://assignmentcorporate.workable.com/backend/jobs/3723929/candidates/323252881",
        "address": "987 Pine St, Dataville, CA, United States, 23456",
        "phone": "555-666-7777",
        "email": "jjo_justin.kim@email555.com",
        "outbound_mailbox": "4e40rtjz7_o7@outbound.workablemail.com",
        "domain": "Employee referral",
        "uploader_id": null,
        "created_at": "2024-02-01T17:57:42Z",
        "updated_at": "2024-02-01T17:57:43Z",
        "cover_letter": null,
        "summary": null,
        "education_entries": [],
        "experience_entries": [],
        "skills": [],
        "answers": [],
        "resume_url": null,
        "tags": [],
        "location": {
            "location_str": null,
            "country": null,
            "country_code": null,
            "region": null,
            "region_code": null,
            "city": null,
            "zip_code": null
        },
        "originating_candidate_id": null
    }
}
2024-02-01 19:57:41,815 - INFO - Candidate ID: 13447763
2024-02-01 19:57:41,815 - INFO - Candidate Name: Justin Johnson
2024-02-01 19:57:41,815 - INFO - Candidate Justin Johnson imported successfully!
2024-02-01 19:57:41,815 - INFO - Response: <bound method CandidateResponseDTO.to_json of <dto.candidate_response_dto.CandidateResponseDTO object at 0x000002597FB9E7D0>>
2024-02-01 19:57:43,393 - INFO - {
    "status": "created",
    "candidate": {
        "id": "13447769",
        "name": "Sophia Lee",
        "firstname": null,
        "lastname": null,
        "headline": null,
        "image_url": null,
        "account": {
            "subdomain": "assignmentcorporate",
            "name": "AssignmentCorporate"
        },
        "job": {
            "shortcode": "F8D1EA3849",
            "title": "Data Architect"
        },
        "stage": "Applied",
        "disqualified": true,
        "disqualified_at": "2024-02-01T17:57:44.512Z",
        "disqualification_reason": null,
        "hired_at": null,
        "sourced": false,
        "profile_url": "https://assignmentcorporate.workable.com/backend/jobs/3723929/candidates/323252887",
        "address": "Marketcity, CA, United States, 12345",
        "phone": "222-333-4444",
        "email": "sle_sophia.lee@email555.com",
        "outbound_mailbox": "4e40-4etmazn@outbound.workablemail.com",
        "domain": "Job board",
        "uploader_id": null,
        "created_at": "2024-02-01T17:57:44Z",
        "updated_at": "2024-02-01T17:57:44Z",
        "cover_letter": null,
        "summary": null,
        "education_entries": [],
        "experience_entries": [],
        "skills": [],
        "answers": [],
        "resume_url": null,
        "tags": [],
        "location": {
            "location_str": null,
            "country": null,
            "country_code": null,
            "region": null,
            "region_code": null,
            "city": null,
            "zip_code": null
        },
        "originating_candidate_id": null
    }
}
2024-02-01 19:57:43,396 - INFO - Candidate ID: 13447769
2024-02-01 19:57:43,396 - INFO - Candidate Name: Sophia Lee
2024-02-01 19:57:43,396 - INFO - Candidate Sophia Lee imported successfully!
2024-02-01 19:57:43,397 - INFO - Response: <bound method CandidateResponseDTO.to_json of <dto.candidate_response_dto.CandidateResponseDTO object at 0x000002597FB9DF30>>
